[debug] [2021-02-08T14:37:25.045Z] ----------------------------------------------------------------------
[debug] [2021-02-08T14:37:25.046Z] Command:       /usr/local/bin/node /usr/local/bin/firebase emulators:start
[debug] [2021-02-08T14:37:25.047Z] CLI Version:   9.3.0
[debug] [2021-02-08T14:37:25.047Z] Platform:      darwin
[debug] [2021-02-08T14:37:25.047Z] Node Version:  v12.0.0
[debug] [2021-02-08T14:37:25.048Z] Time:          Mon Feb 08 2021 15:37:25 GMT+0100 (GMT+01:00)
[debug] [2021-02-08T14:37:25.048Z] ----------------------------------------------------------------------
[debug] [2021-02-08T14:37:25.048Z] 
[debug] [2021-02-08T14:37:25.054Z] > command requires scopes: ["email","openid","https://www.googleapis.com/auth/cloudplatformprojects.readonly","https://www.googleapis.com/auth/firebase","https://www.googleapis.com/auth/cloud-platform"]
[debug] [2021-02-08T14:37:25.054Z] > authorizing via signed-in user
[info] i  emulators: Starting emulators: auth, functions, firestore, hosting {"metadata":{"emulator":{"name":"hub"},"message":"Starting emulators: auth, functions, firestore, hosting"}}
[debug] [2021-02-08T14:37:25.064Z] [hub] writing locator at /var/folders/mw/vjjbb0b51gbg2gxv0t83nh700000gn/T/hub-listy-bcc65.json
[warn] ⚠  functions: The following emulators are not running, calls to these services from the Functions emulator will affect production: database, pubsub {"metadata":{"emulator":{"name":"functions"},"message":"The following emulators are not running, calls to these services from the Functions emulator will affect production: \u001b[1mdatabase, pubsub\u001b[22m"}}
[info] ✔  functions: Using node@12 from host. {"metadata":{"emulator":{"name":"functions"},"message":"Using node@12 from host."}}
[debug] [2021-02-08T14:37:25.078Z] defaultcredentials: writing to file /Users/vincent/.config/firebase/vinkho_c_gmail.com_application_default_credentials.json
[debug] [2021-02-08T14:37:25.080Z] Setting GAC to /Users/vincent/.config/firebase/vinkho_c_gmail.com_application_default_credentials.json {"metadata":{"emulator":{"name":"functions"},"message":"Setting GAC to /Users/vincent/.config/firebase/vinkho_c_gmail.com_application_default_credentials.json"}}
[debug] [2021-02-08T14:37:25.082Z] > refreshing access token with scopes: []
[debug] [2021-02-08T14:37:25.082Z] >>> HTTP REQUEST POST https://www.googleapis.com/oauth2/v3/token  
 <request body omitted>
[debug] [2021-02-08T14:37:25.213Z] <<< HTTP RESPONSE 200 {"cache-control":"no-cache, no-store, max-age=0, must-revalidate","date":"Mon, 08 Feb 2021 14:37:25 GMT","expires":"Mon, 01 Jan 1990 00:00:00 GMT","pragma":"no-cache","content-type":"application/json; charset=utf-8","vary":"X-Origin, Referer, Origin,Accept-Encoding","server":"scaffolding on HTTPServer2","x-xss-protection":"0","x-frame-options":"SAMEORIGIN","x-content-type-options":"nosniff","alt-svc":"h3-29=\":443\"; ma=2592000,h3-T051=\":443\"; ma=2592000,h3-Q050=\":443\"; ma=2592000,h3-Q046=\":443\"; ma=2592000,h3-Q043=\":443\"; ma=2592000,quic=\":443\"; ma=2592000; v=\"46,43\"","accept-ranges":"none","transfer-encoding":"chunked"}
[debug] [2021-02-08T14:37:25.246Z] >>> [apiv2][query] GET https://firebase.googleapis.com/v1beta1/projects/listy-bcc65/adminSdkConfig [none]
[debug] [2021-02-08T14:37:25.621Z] <<< [apiv2][status] GET https://firebase.googleapis.com/v1beta1/projects/listy-bcc65/adminSdkConfig 200
[debug] [2021-02-08T14:37:25.622Z] <<< [apiv2][body] GET https://firebase.googleapis.com/v1beta1/projects/listy-bcc65/adminSdkConfig {"projectId":"listy-bcc65","databaseURL":"https://listy-bcc65.firebaseio.com","storageBucket":"listy-bcc65.appspot.com","locationId":"europe-west"}
[debug] [2021-02-08T14:37:25.922Z] Ignoring unsupported arg: projectId {"metadata":{"emulator":{"name":"firestore"},"message":"Ignoring unsupported arg: projectId"}}
[debug] [2021-02-08T14:37:25.922Z] Ignoring unsupported arg: auto_download {"metadata":{"emulator":{"name":"firestore"},"message":"Ignoring unsupported arg: auto_download"}}
[debug] [2021-02-08T14:37:25.922Z] Starting Firestore Emulator with command {"binary":"java","args":["-Dgoogle.cloud_firestore.debug_log_level=FINE","-Duser.language=en","-jar","/Users/vincent/.cache/firebase/emulators/cloud-firestore-emulator-v1.11.12.jar","--host","localhost","--port",8080,"--rules","/Users/vincent/Documents/listy/firestore.rules","--functions_emulator","localhost:5001"],"optionalArgs":["port","webchannel_port","host","rules","functions_emulator","seed_from_export"],"joinArgs":false} {"metadata":{"emulator":{"name":"firestore"},"message":"Starting Firestore Emulator with command {\"binary\":\"java\",\"args\":[\"-Dgoogle.cloud_firestore.debug_log_level=FINE\",\"-Duser.language=en\",\"-jar\",\"/Users/vincent/.cache/firebase/emulators/cloud-firestore-emulator-v1.11.12.jar\",\"--host\",\"localhost\",\"--port\",8080,\"--rules\",\"/Users/vincent/Documents/listy/firestore.rules\",\"--functions_emulator\",\"localhost:5001\"],\"optionalArgs\":[\"port\",\"webchannel_port\",\"host\",\"rules\",\"functions_emulator\",\"seed_from_export\"],\"joinArgs\":false}"}}
[info] i  firestore: Firestore Emulator logging to firestore-debug.log {"metadata":{"emulator":{"name":"firestore"},"message":"Firestore Emulator logging to \u001b[1mfirestore-debug.log\u001b[22m"}}
[debug] [2021-02-08T14:37:26.686Z] API endpoint: http://localhost:8080 {"metadata":{"emulator":{"name":"firestore"},"message":"API endpoint: http://localhost:8080"}}
[debug] [2021-02-08T14:37:26.686Z] 
If you are using a library that supports the FIRESTORE_EMULATOR_HOST environment variable, run:

   export FIRESTORE_EMULATOR_HOST=localhost:8080

Dev App Server is now running.

 {"metadata":{"emulator":{"name":"firestore"},"message":"\nIf you are using a library that supports the FIRESTORE_EMULATOR_HOST environment variable, run:\n\n   export FIRESTORE_EMULATOR_HOST=localhost:8080\n\nDev App Server is now running.\n\n"}}
[debug] [2021-02-08T14:37:28.452Z] >>> [apiv2][query] GET https://firebase.googleapis.com/v1beta1/projects/listy-bcc65/webApps/-/config [none]
[debug] [2021-02-08T14:37:29.203Z] <<< [apiv2][status] GET https://firebase.googleapis.com/v1beta1/projects/listy-bcc65/webApps/-/config 200
[debug] [2021-02-08T14:37:29.203Z] <<< [apiv2][body] GET https://firebase.googleapis.com/v1beta1/projects/listy-bcc65/webApps/-/config {"projectId":"listy-bcc65","appId":"1:15699329799:web:31d0b0c9b6da3c5d357ba2","databaseURL":"https://listy-bcc65.firebaseio.com","storageBucket":"listy-bcc65.appspot.com","locationId":"europe-west","apiKey":"AIzaSyDU6A1HcHI7HM2Q2m7ONn3JEvI1f9Dtp8E","authDomain":"listy-bcc65.firebaseapp.com","messagingSenderId":"15699329799","measurementId":"G-NSL8RT8J02"}
[info] i  hosting: Serving hosting files from: dist/listy {"metadata":{"emulator":{"name":"hosting"},"message":"Serving hosting files from: \u001b[1mdist/listy\u001b[22m"}}
[info] ✔  hosting: Local server: http://localhost:5000 {"metadata":{"emulator":{"name":"hosting"},"message":"Local server: \u001b[4m\u001b[1mhttp://localhost:5000\u001b[22m\u001b[24m"}}
[debug] [2021-02-08T14:37:29.257Z] Ignoring unsupported arg: auto_download {"metadata":{"emulator":{"name":"ui"},"message":"Ignoring unsupported arg: auto_download"}}
[debug] [2021-02-08T14:37:29.257Z] Ignoring unsupported arg: port {"metadata":{"emulator":{"name":"ui"},"message":"Ignoring unsupported arg: port"}}
[debug] [2021-02-08T14:37:29.257Z] Starting Emulator UI with command {"binary":"node","args":["/Users/vincent/.cache/firebase/emulators/ui-v1.4.1/server.bundle.js"],"optionalArgs":[],"joinArgs":false} {"metadata":{"emulator":{"name":"ui"},"message":"Starting Emulator UI with command {\"binary\":\"node\",\"args\":[\"/Users/vincent/.cache/firebase/emulators/ui-v1.4.1/server.bundle.js\"],\"optionalArgs\":[],\"joinArgs\":false}"}}
[info] i  ui: Emulator UI logging to ui-debug.log {"metadata":{"emulator":{"name":"ui"},"message":"Emulator UI logging to \u001b[1mui-debug.log\u001b[22m"}}
[debug] [2021-02-08T14:37:29.354Z] Web / API server started at http://localhost:4000
 {"metadata":{"emulator":{"name":"ui"},"message":"Web / API server started at http://localhost:4000\n"}}
[info] i  functions: Watching "/Users/vincent/Documents/listy/functions" for Cloud Functions... {"metadata":{"emulator":{"name":"functions"},"message":"Watching \"/Users/vincent/Documents/listy/functions\" for Cloud Functions..."}}
[debug] [2021-02-08T14:37:29.530Z] [worker-pool] addWorker(~diagnostic~) {"metadata":{"emulator":{"name":"functions"},"message":"[worker-pool] addWorker(~diagnostic~)"}}
[debug] [2021-02-08T14:37:29.531Z] [worker-pool] Adding worker with key ~diagnostic~, total=1 {"metadata":{"emulator":{"name":"functions"},"message":"[worker-pool] Adding worker with key ~diagnostic~, total=1"}}
[debug] [2021-02-08T14:37:29.531Z] [worker-pool] submitWork(triggerId=) {"metadata":{"emulator":{"name":"functions"},"message":"[worker-pool] submitWork(triggerId=)"}}
[debug] [2021-02-08T14:37:29.532Z] [worker-~diagnostic~-4d05393a-293f-4ba5-aeda-62d7ae34f874]: Assigning socketPath: /var/folders/mw/vjjbb0b51gbg2gxv0t83nh700000gn/T/fire_emu_62497.sock {"metadata":{"emulator":{"name":"functions"},"message":"[worker-~diagnostic~-4d05393a-293f-4ba5-aeda-62d7ae34f874]: Assigning socketPath: /var/folders/mw/vjjbb0b51gbg2gxv0t83nh700000gn/T/fire_emu_62497.sock"}}
[debug] [2021-02-08T14:37:29.532Z] [worker-~diagnostic~-4d05393a-293f-4ba5-aeda-62d7ae34f874]: BUSY {"metadata":{"emulator":{"name":"functions"},"message":"[worker-~diagnostic~-4d05393a-293f-4ba5-aeda-62d7ae34f874]: BUSY"}}
[debug] [2021-02-08T14:37:29.647Z] [runtime-status] [62497] Functions runtime initialized. {"cwd":"/Users/vincent/Documents/listy/functions","node_version":"12.0.0"} {"metadata":{"emulator":{"name":"functions"},"message":"[runtime-status] [62497] Functions runtime initialized. {\"cwd\":\"/Users/vincent/Documents/listy/functions\",\"node_version\":\"12.0.0\"}"}}
[debug] [2021-02-08T14:37:29.647Z] [runtime-status] [62497] Disabled runtime features: undefined {"metadata":{"emulator":{"name":"functions"},"message":"[runtime-status] [62497] Disabled runtime features: undefined"}}
[debug] [2021-02-08T14:37:29.648Z] [runtime-status] [62497] Resolved module firebase-admin {"declared":true,"installed":true,"version":"9.4.2","resolution":"/Users/vincent/Documents/listy/functions/node_modules/firebase-admin/lib/index.js"} {"metadata":{"emulator":{"name":"functions"},"message":"[runtime-status] [62497] Resolved module firebase-admin {\"declared\":true,\"installed\":true,\"version\":\"9.4.2\",\"resolution\":\"/Users/vincent/Documents/listy/functions/node_modules/firebase-admin/lib/index.js\"}"}}
[debug] [2021-02-08T14:37:29.649Z] [runtime-status] [62497] Resolved module firebase-functions {"declared":true,"installed":true,"version":"3.13.1","resolution":"/Users/vincent/Documents/listy/functions/node_modules/firebase-functions/lib/index.js"} {"metadata":{"emulator":{"name":"functions"},"message":"[runtime-status] [62497] Resolved module firebase-functions {\"declared\":true,\"installed\":true,\"version\":\"3.13.1\",\"resolution\":\"/Users/vincent/Documents/listy/functions/node_modules/firebase-functions/lib/index.js\"}"}}
[debug] [2021-02-08T14:37:29.650Z] [runtime-status] [62497] Resolved module firebase-functions {"declared":true,"installed":true,"version":"3.13.1","resolution":"/Users/vincent/Documents/listy/functions/node_modules/firebase-functions/lib/index.js"} {"metadata":{"emulator":{"name":"functions"},"message":"[runtime-status] [62497] Resolved module firebase-functions {\"declared\":true,\"installed\":true,\"version\":\"3.13.1\",\"resolution\":\"/Users/vincent/Documents/listy/functions/node_modules/firebase-functions/lib/index.js\"}"}}
[debug] [2021-02-08T14:37:29.651Z] [runtime-status] [62497] Outgoing network have been stubbed. [{"name":"http","status":"mocked"},{"name":"http","status":"mocked"},{"name":"https","status":"mocked"},{"name":"https","status":"mocked"},{"name":"net","status":"mocked"}] {"metadata":{"emulator":{"name":"functions"},"message":"[runtime-status] [62497] Outgoing network have been stubbed. [{\"name\":\"http\",\"status\":\"mocked\"},{\"name\":\"http\",\"status\":\"mocked\"},{\"name\":\"https\",\"status\":\"mocked\"},{\"name\":\"https\",\"status\":\"mocked\"},{\"name\":\"net\",\"status\":\"mocked\"}]"}}
[debug] [2021-02-08T14:37:29.651Z] [runtime-status] [62497] Resolved module firebase-functions {"declared":true,"installed":true,"version":"3.13.1","resolution":"/Users/vincent/Documents/listy/functions/node_modules/firebase-functions/lib/index.js"} {"metadata":{"emulator":{"name":"functions"},"message":"[runtime-status] [62497] Resolved module firebase-functions {\"declared\":true,\"installed\":true,\"version\":\"3.13.1\",\"resolution\":\"/Users/vincent/Documents/listy/functions/node_modules/firebase-functions/lib/index.js\"}"}}
[debug] [2021-02-08T14:37:29.674Z] [runtime-status] [62497] Checked functions.config() {"config":{}} {"metadata":{"emulator":{"name":"functions"},"message":"[runtime-status] [62497] Checked functions.config() {\"config\":{}}"}}
[debug] [2021-02-08T14:37:29.675Z] [runtime-status] [62497] firebase-functions has been stubbed. {"functionsResolution":{"declared":true,"installed":true,"version":"3.13.1","resolution":"/Users/vincent/Documents/listy/functions/node_modules/firebase-functions/lib/index.js"}} {"metadata":{"emulator":{"name":"functions"},"message":"[runtime-status] [62497] firebase-functions has been stubbed. {\"functionsResolution\":{\"declared\":true,\"installed\":true,\"version\":\"3.13.1\",\"resolution\":\"/Users/vincent/Documents/listy/functions/node_modules/firebase-functions/lib/index.js\"}}"}}
[debug] [2021-02-08T14:37:29.675Z] [runtime-status] [62497] Resolved module firebase-functions {"declared":true,"installed":true,"version":"3.13.1","resolution":"/Users/vincent/Documents/listy/functions/node_modules/firebase-functions/lib/index.js"} {"metadata":{"emulator":{"name":"functions"},"message":"[runtime-status] [62497] Resolved module firebase-functions {\"declared\":true,\"installed\":true,\"version\":\"3.13.1\",\"resolution\":\"/Users/vincent/Documents/listy/functions/node_modules/firebase-functions/lib/index.js\"}"}}
[debug] [2021-02-08T14:37:29.675Z] [runtime-status] [62497] Resolved module firebase-admin {"declared":true,"installed":true,"version":"9.4.2","resolution":"/Users/vincent/Documents/listy/functions/node_modules/firebase-admin/lib/index.js"} {"metadata":{"emulator":{"name":"functions"},"message":"[runtime-status] [62497] Resolved module firebase-admin {\"declared\":true,\"installed\":true,\"version\":\"9.4.2\",\"resolution\":\"/Users/vincent/Documents/listy/functions/node_modules/firebase-admin/lib/index.js\"}"}}
[debug] [2021-02-08T14:37:29.676Z] [runtime-status] [62497] Resolved module firebase-functions {"declared":true,"installed":true,"version":"3.13.1","resolution":"/Users/vincent/Documents/listy/functions/node_modules/firebase-functions/lib/index.js"} {"metadata":{"emulator":{"name":"functions"},"message":"[runtime-status] [62497] Resolved module firebase-functions {\"declared\":true,\"installed\":true,\"version\":\"3.13.1\",\"resolution\":\"/Users/vincent/Documents/listy/functions/node_modules/firebase-functions/lib/index.js\"}"}}
[debug] [2021-02-08T14:37:29.676Z] [runtime-status] [62497] firebase-admin has been stubbed. {"adminResolution":{"declared":true,"installed":true,"version":"9.4.2","resolution":"/Users/vincent/Documents/listy/functions/node_modules/firebase-admin/lib/index.js"}} {"metadata":{"emulator":{"name":"functions"},"message":"[runtime-status] [62497] firebase-admin has been stubbed. {\"adminResolution\":{\"declared\":true,\"installed\":true,\"version\":\"9.4.2\",\"resolution\":\"/Users/vincent/Documents/listy/functions/node_modules/firebase-admin/lib/index.js\"}}"}}
[debug] [2021-02-08T14:37:29.719Z] [worker-~diagnostic~-4d05393a-293f-4ba5-aeda-62d7ae34f874]: IDLE {"metadata":{"emulator":{"name":"functions"},"message":"[worker-~diagnostic~-4d05393a-293f-4ba5-aeda-62d7ae34f874]: IDLE"}}
[info] ✔  functions[scrapeImages]: http function initialized (http://localhost:5001/listy-bcc65/us-central1/scrapeImages). {"metadata":{"emulator":{"name":"functions"},"message":"\u001b[1mhttp\u001b[22m function initialized (http://localhost:5001/listy-bcc65/us-central1/scrapeImages)."}}
[info] 
┌─────────────────────────────────────────────────────────────┐
│ ✔  All emulators ready! It is now safe to connect your app. │
│ i  View Emulator UI at http://localhost:4000                │
└─────────────────────────────────────────────────────────────┘

┌────────────────┬────────────────┬─────────────────────────────────┐
│ Emulator       │ Host:Port      │ View in Emulator UI             │
├────────────────┼────────────────┼─────────────────────────────────┤
│ Authentication │ localhost:9099 │ http://localhost:4000/auth      │
├────────────────┼────────────────┼─────────────────────────────────┤
│ Functions      │ localhost:5001 │ http://localhost:4000/functions │
├────────────────┼────────────────┼─────────────────────────────────┤
│ Firestore      │ localhost:8080 │ http://localhost:4000/firestore │
├────────────────┼────────────────┼─────────────────────────────────┤
│ Hosting        │ localhost:5000 │ n/a                             │
└────────────────┴────────────────┴─────────────────────────────────┘
  Emulator Hub running at localhost:4400
  Other reserved ports: 4500

Issues? Report them at https://github.com/firebase/firebase-tools/issues and attach the *-debug.log files.
 
[debug] [2021-02-08T14:37:34.925Z] [work-queue] {"queueLength":1,"workRunningCount":0}
[debug] [2021-02-08T14:37:34.925Z] [work-queue] {"queueLength":0,"workRunningCount":1}
[debug] [2021-02-08T14:37:34.926Z] Accepted request GET /listy-bcc65/us-central1/scrapeImages --> scrapeImages
[debug] [2021-02-08T14:37:34.930Z] [worker-pool] addWorker(scrapeImages) {"metadata":{"emulator":{"name":"functions"},"message":"[worker-pool] addWorker(scrapeImages)"}}
[debug] [2021-02-08T14:37:34.931Z] [worker-pool] Adding worker with key scrapeImages, total=1 {"metadata":{"emulator":{"name":"functions"},"message":"[worker-pool] Adding worker with key scrapeImages, total=1"}}
[debug] [2021-02-08T14:37:34.931Z] [worker-pool] submitWork(triggerId=scrapeImages) {"metadata":{"emulator":{"name":"functions"},"message":"[worker-pool] submitWork(triggerId=scrapeImages)"}}
[debug] [2021-02-08T14:37:34.931Z] [worker-scrapeImages-ea96bef8-47a4-49fe-bb61-47ba8143474f]: Assigning socketPath: /var/folders/mw/vjjbb0b51gbg2gxv0t83nh700000gn/T/fire_emu_62506.sock {"metadata":{"emulator":{"name":"functions"},"message":"[worker-scrapeImages-ea96bef8-47a4-49fe-bb61-47ba8143474f]: Assigning socketPath: /var/folders/mw/vjjbb0b51gbg2gxv0t83nh700000gn/T/fire_emu_62506.sock"}}
[debug] [2021-02-08T14:37:34.931Z] [worker-scrapeImages-ea96bef8-47a4-49fe-bb61-47ba8143474f]: BUSY {"metadata":{"emulator":{"name":"functions"},"message":"[worker-scrapeImages-ea96bef8-47a4-49fe-bb61-47ba8143474f]: BUSY"}}
[debug] [2021-02-08T14:37:35.078Z] [runtime-status] [62506] Functions runtime initialized. {"cwd":"/Users/vincent/Documents/listy/functions","node_version":"12.0.0"} {"metadata":{"emulator":{"name":"functions"},"function":{"name":"scrapeImages"},"message":"[runtime-status] [62506] Functions runtime initialized. {\"cwd\":\"/Users/vincent/Documents/listy/functions\",\"node_version\":\"12.0.0\"}"}}
[debug] [2021-02-08T14:37:35.081Z] [runtime-status] [62506] Disabled runtime features: undefined {"metadata":{"emulator":{"name":"functions"},"function":{"name":"scrapeImages"},"message":"[runtime-status] [62506] Disabled runtime features: undefined"}}
[debug] [2021-02-08T14:37:35.083Z] [runtime-status] [62506] Resolved module firebase-admin {"declared":true,"installed":true,"version":"9.4.2","resolution":"/Users/vincent/Documents/listy/functions/node_modules/firebase-admin/lib/index.js"} {"metadata":{"emulator":{"name":"functions"},"function":{"name":"scrapeImages"},"message":"[runtime-status] [62506] Resolved module firebase-admin {\"declared\":true,\"installed\":true,\"version\":\"9.4.2\",\"resolution\":\"/Users/vincent/Documents/listy/functions/node_modules/firebase-admin/lib/index.js\"}"}}
[debug] [2021-02-08T14:37:35.084Z] [runtime-status] [62506] Resolved module firebase-functions {"declared":true,"installed":true,"version":"3.13.1","resolution":"/Users/vincent/Documents/listy/functions/node_modules/firebase-functions/lib/index.js"} {"metadata":{"emulator":{"name":"functions"},"function":{"name":"scrapeImages"},"message":"[runtime-status] [62506] Resolved module firebase-functions {\"declared\":true,\"installed\":true,\"version\":\"3.13.1\",\"resolution\":\"/Users/vincent/Documents/listy/functions/node_modules/firebase-functions/lib/index.js\"}"}}
[debug] [2021-02-08T14:37:35.084Z] [runtime-status] [62506] Resolved module firebase-functions {"declared":true,"installed":true,"version":"3.13.1","resolution":"/Users/vincent/Documents/listy/functions/node_modules/firebase-functions/lib/index.js"} {"metadata":{"emulator":{"name":"functions"},"function":{"name":"scrapeImages"},"message":"[runtime-status] [62506] Resolved module firebase-functions {\"declared\":true,\"installed\":true,\"version\":\"3.13.1\",\"resolution\":\"/Users/vincent/Documents/listy/functions/node_modules/firebase-functions/lib/index.js\"}"}}
[debug] [2021-02-08T14:37:35.086Z] [runtime-status] [62506] Outgoing network have been stubbed. [{"name":"http","status":"mocked"},{"name":"http","status":"mocked"},{"name":"https","status":"mocked"},{"name":"https","status":"mocked"},{"name":"net","status":"mocked"}] {"metadata":{"emulator":{"name":"functions"},"function":{"name":"scrapeImages"},"message":"[runtime-status] [62506] Outgoing network have been stubbed. [{\"name\":\"http\",\"status\":\"mocked\"},{\"name\":\"http\",\"status\":\"mocked\"},{\"name\":\"https\",\"status\":\"mocked\"},{\"name\":\"https\",\"status\":\"mocked\"},{\"name\":\"net\",\"status\":\"mocked\"}]"}}
[debug] [2021-02-08T14:37:35.086Z] [runtime-status] [62506] Resolved module firebase-functions {"declared":true,"installed":true,"version":"3.13.1","resolution":"/Users/vincent/Documents/listy/functions/node_modules/firebase-functions/lib/index.js"} {"metadata":{"emulator":{"name":"functions"},"function":{"name":"scrapeImages"},"message":"[runtime-status] [62506] Resolved module firebase-functions {\"declared\":true,\"installed\":true,\"version\":\"3.13.1\",\"resolution\":\"/Users/vincent/Documents/listy/functions/node_modules/firebase-functions/lib/index.js\"}"}}
[debug] [2021-02-08T14:37:35.116Z] [runtime-status] [62506] Checked functions.config() {"config":{}} {"metadata":{"emulator":{"name":"functions"},"function":{"name":"scrapeImages"},"message":"[runtime-status] [62506] Checked functions.config() {\"config\":{}}"}}
[debug] [2021-02-08T14:37:35.116Z] [runtime-status] [62506] firebase-functions has been stubbed. {"functionsResolution":{"declared":true,"installed":true,"version":"3.13.1","resolution":"/Users/vincent/Documents/listy/functions/node_modules/firebase-functions/lib/index.js"}} {"metadata":{"emulator":{"name":"functions"},"function":{"name":"scrapeImages"},"message":"[runtime-status] [62506] firebase-functions has been stubbed. {\"functionsResolution\":{\"declared\":true,\"installed\":true,\"version\":\"3.13.1\",\"resolution\":\"/Users/vincent/Documents/listy/functions/node_modules/firebase-functions/lib/index.js\"}}"}}
[debug] [2021-02-08T14:37:35.117Z] [runtime-status] [62506] Resolved module firebase-functions {"declared":true,"installed":true,"version":"3.13.1","resolution":"/Users/vincent/Documents/listy/functions/node_modules/firebase-functions/lib/index.js"} {"metadata":{"emulator":{"name":"functions"},"function":{"name":"scrapeImages"},"message":"[runtime-status] [62506] Resolved module firebase-functions {\"declared\":true,\"installed\":true,\"version\":\"3.13.1\",\"resolution\":\"/Users/vincent/Documents/listy/functions/node_modules/firebase-functions/lib/index.js\"}"}}
[debug] [2021-02-08T14:37:35.118Z] [runtime-status] [62506] Resolved module firebase-admin {"declared":true,"installed":true,"version":"9.4.2","resolution":"/Users/vincent/Documents/listy/functions/node_modules/firebase-admin/lib/index.js"} {"metadata":{"emulator":{"name":"functions"},"function":{"name":"scrapeImages"},"message":"[runtime-status] [62506] Resolved module firebase-admin {\"declared\":true,\"installed\":true,\"version\":\"9.4.2\",\"resolution\":\"/Users/vincent/Documents/listy/functions/node_modules/firebase-admin/lib/index.js\"}"}}
[debug] [2021-02-08T14:37:35.118Z] [runtime-status] [62506] Resolved module firebase-functions {"declared":true,"installed":true,"version":"3.13.1","resolution":"/Users/vincent/Documents/listy/functions/node_modules/firebase-functions/lib/index.js"} {"metadata":{"emulator":{"name":"functions"},"function":{"name":"scrapeImages"},"message":"[runtime-status] [62506] Resolved module firebase-functions {\"declared\":true,\"installed\":true,\"version\":\"3.13.1\",\"resolution\":\"/Users/vincent/Documents/listy/functions/node_modules/firebase-functions/lib/index.js\"}"}}
[debug] [2021-02-08T14:37:35.119Z] [runtime-status] [62506] firebase-admin has been stubbed. {"adminResolution":{"declared":true,"installed":true,"version":"9.4.2","resolution":"/Users/vincent/Documents/listy/functions/node_modules/firebase-admin/lib/index.js"}} {"metadata":{"emulator":{"name":"functions"},"function":{"name":"scrapeImages"},"message":"[runtime-status] [62506] firebase-admin has been stubbed. {\"adminResolution\":{\"declared\":true,\"installed\":true,\"version\":\"9.4.2\",\"resolution\":\"/Users/vincent/Documents/listy/functions/node_modules/firebase-admin/lib/index.js\"}}"}}
[debug] [2021-02-08T14:37:35.173Z] [runtime-status] [62506] Trigger "scrapeImages" has been found, beginning invocation! {"metadata":{"emulator":{"name":"functions"},"function":{"name":"scrapeImages"},"message":"[runtime-status] [62506] Trigger \"scrapeImages\" has been found, beginning invocation!"}}
[info] i  functions: Beginning execution of "scrapeImages" {"metadata":{"emulator":{"name":"functions"},"function":{"name":"scrapeImages"},"message":"Beginning execution of \"scrapeImages\""}}
[debug] [2021-02-08T14:37:35.174Z] [runtime-status] [62506] triggerDefinition {"timeout":"500s","httpsTrigger":{},"name":"scrapeImages","entryPoint":"scrapeImages"} {"metadata":{"emulator":{"name":"functions"},"function":{"name":"scrapeImages"},"message":"[runtime-status] [62506] triggerDefinition {\"timeout\":\"500s\",\"httpsTrigger\":{},\"name\":\"scrapeImages\",\"entryPoint\":\"scrapeImages\"}"}}
[debug] [2021-02-08T14:37:35.174Z] [runtime-status] [62506] Running scrapeImages in mode HTTPS {"metadata":{"emulator":{"name":"functions"},"function":{"name":"scrapeImages"},"message":"[runtime-status] [62506] Running scrapeImages in mode HTTPS"}}
[debug] [2021-02-08T14:37:35.177Z] [runtime-status] [62506] Attempting to listen to socketPath: /var/folders/mw/vjjbb0b51gbg2gxv0t83nh700000gn/T/fire_emu_62506.sock {"metadata":{"emulator":{"name":"functions"},"function":{"name":"scrapeImages"},"message":"[runtime-status] [62506] Attempting to listen to socketPath: /var/folders/mw/vjjbb0b51gbg2gxv0t83nh700000gn/T/fire_emu_62506.sock"}}
[debug] [2021-02-08T14:37:35.179Z] [functions] Runtime ready! Sending request! {"metadata":{"emulator":{"name":"functions"},"message":"[functions] Runtime ready! Sending request!"}}
[debug] [2021-02-08T14:37:35.180Z] [functions] Got req.url=/listy-bcc65/us-central1/scrapeImages, mapping to path=/ {"metadata":{"emulator":{"name":"functions"},"message":"[functions] Got req.url=/listy-bcc65/us-central1/scrapeImages, mapping to path=/"}}
[debug] [2021-02-08T14:37:35.185Z] [runtime-status] [62506] Ephemeral server handling GET request {"metadata":{"emulator":{"name":"functions"},"function":{"name":"scrapeImages"},"message":"[runtime-status] [62506] Ephemeral server handling GET request"}}
[info] >  [ {"user":"[","metadata":{"emulator":{"name":"functions"},"function":{"name":"scrapeImages"},"message":"\u001b[90m> \u001b[39m ["}}
[info] >    'https://www.nova.fr/wp-content/uploads/sites/2/2020/11/logo-nova.png', {"user":"  'https://www.nova.fr/wp-content/uploads/sites/2/2020/11/logo-nova.png',","metadata":{"emulator":{"name":"functions"},"function":{"name":"scrapeImages"},"message":"\u001b[90m> \u001b[39m   'https://www.nova.fr/wp-content/uploads/sites/2/2020/11/logo-nova.png',"}}
[info] >    'https://www.nova.fr/wp-content/themes/lnei-wp-theme-child-nova/dist/images/nova.svg', {"user":"  'https://www.nova.fr/wp-content/themes/lnei-wp-theme-child-nova/dist/images/nova.svg',","metadata":{"emulator":{"name":"functions"},"function":{"name":"scrapeImages"},"message":"\u001b[90m> \u001b[39m   'https://www.nova.fr/wp-content/themes/lnei-wp-theme-child-nova/dist/images/nova.svg',"}}
[info] >    'https://www.nova.fr/wp-content/themes/lnei-wp-theme-child-nova/dist/images/Cheek.svg', {"user":"  'https://www.nova.fr/wp-content/themes/lnei-wp-theme-child-nova/dist/images/Cheek.svg',","metadata":{"emulator":{"name":"functions"},"function":{"name":"scrapeImages"},"message":"\u001b[90m> \u001b[39m   'https://www.nova.fr/wp-content/themes/lnei-wp-theme-child-nova/dist/images/Cheek.svg',"}}
[info] >    'https://www.nova.fr/wp-content/themes/lnei-wp-theme-child-nova/dist/images/Sauvage.svg', {"user":"  'https://www.nova.fr/wp-content/themes/lnei-wp-theme-child-nova/dist/images/Sauvage.svg',","metadata":{"emulator":{"name":"functions"},"function":{"name":"scrapeImages"},"message":"\u001b[90m> \u001b[39m   'https://www.nova.fr/wp-content/themes/lnei-wp-theme-child-nova/dist/images/Sauvage.svg',"}}
[info] >    'https://www.nova.fr/wp-content/themes/lnei-wp-theme-child-nova/dist/images/app-store.png', {"user":"  'https://www.nova.fr/wp-content/themes/lnei-wp-theme-child-nova/dist/images/app-store.png',","metadata":{"emulator":{"name":"functions"},"function":{"name":"scrapeImages"},"message":"\u001b[90m> \u001b[39m   'https://www.nova.fr/wp-content/themes/lnei-wp-theme-child-nova/dist/images/app-store.png',"}}
[info] >    'https://www.nova.fr/wp-content/themes/lnei-wp-theme-child-nova/dist/images/google-play.png', {"user":"  'https://www.nova.fr/wp-content/themes/lnei-wp-theme-child-nova/dist/images/google-play.png',","metadata":{"emulator":{"name":"functions"},"function":{"name":"scrapeImages"},"message":"\u001b[90m> \u001b[39m   'https://www.nova.fr/wp-content/themes/lnei-wp-theme-child-nova/dist/images/google-play.png',"}}
[info] >    'https://www.nova.fr/wp-content/themes/lnei-wp-theme-child-nova/dist/images/logo-menu.svg', {"user":"  'https://www.nova.fr/wp-content/themes/lnei-wp-theme-child-nova/dist/images/logo-menu.svg',","metadata":{"emulator":{"name":"functions"},"function":{"name":"scrapeImages"},"message":"\u001b[90m> \u001b[39m   'https://www.nova.fr/wp-content/themes/lnei-wp-theme-child-nova/dist/images/logo-menu.svg',"}}
[info] >    'https://www.nova.fr/wp-content/uploads/sites/2/2021/01/RADIONOVA_CARD_01.jpg?w=560&h=664&crop=1', {"user":"  'https://www.nova.fr/wp-content/uploads/sites/2/2021/01/RADIONOVA_CARD_01.jpg?w=560&h=664&crop=1',","metadata":{"emulator":{"name":"functions"},"function":{"name":"scrapeImages"},"message":"\u001b[90m> \u001b[39m   'https://www.nova.fr/wp-content/uploads/sites/2/2021/01/RADIONOVA_CARD_01.jpg?w=560&h=664&crop=1',"}}
[info] >    'https://www.nova.fr/wp-content/uploads/sites/2/2020/12/RADIONOUVONOVA_CARD_OK.jpg?w=560&h=664&crop=1', {"user":"  'https://www.nova.fr/wp-content/uploads/sites/2/2020/12/RADIONOUVONOVA_CARD_OK.jpg?w=560&h=664&crop=1',","metadata":{"emulator":{"name":"functions"},"function":{"name":"scrapeImages"},"message":"\u001b[90m> \u001b[39m   'https://www.nova.fr/wp-content/uploads/sites/2/2020/12/RADIONOUVONOVA_CARD_OK.jpg?w=560&h=664&crop=1',"}}
[info] >    'https://www.nova.fr/wp-content/uploads/sites/2/2020/12/RADIONOVADANSE_CARD_OK.jpg?w=560&h=664&crop=1', {"user":"  'https://www.nova.fr/wp-content/uploads/sites/2/2020/12/RADIONOVADANSE_CARD_OK.jpg?w=560&h=664&crop=1',","metadata":{"emulator":{"name":"functions"},"function":{"name":"scrapeImages"},"message":"\u001b[90m> \u001b[39m   'https://www.nova.fr/wp-content/uploads/sites/2/2020/12/RADIONOVADANSE_CARD_OK.jpg?w=560&h=664&crop=1',"}}
[info] >    'https://www.nova.fr/wp-content/uploads/sites/2/2020/12/RADIONOVACLASSICS_CARD_OK.jpg?w=560&h=664&crop=1', {"user":"  'https://www.nova.fr/wp-content/uploads/sites/2/2020/12/RADIONOVACLASSICS_CARD_OK.jpg?w=560&h=664&crop=1',","metadata":{"emulator":{"name":"functions"},"function":{"name":"scrapeImages"},"message":"\u001b[90m> \u001b[39m   'https://www.nova.fr/wp-content/uploads/sites/2/2020/12/RADIONOVACLASSICS_CARD_OK.jpg?w=560&h=664&crop=1',"}}
[info] >    'https://www.nova.fr/wp-content/uploads/sites/2/2021/01/RADIONOVALANUIT_CARD_OK.jpg?w=560&h=664&crop=1', {"user":"  'https://www.nova.fr/wp-content/uploads/sites/2/2021/01/RADIONOVALANUIT_CARD_OK.jpg?w=560&h=664&crop=1',","metadata":{"emulator":{"name":"functions"},"function":{"name":"scrapeImages"},"message":"\u001b[90m> \u001b[39m   'https://www.nova.fr/wp-content/uploads/sites/2/2021/01/RADIONOVALANUIT_CARD_OK.jpg?w=560&h=664&crop=1',"}}
[info] >    'https://www.nova.fr/wp-content/uploads/sites/2/2020/12/RADIONOVALYON_CARD_OK.jpg?w=560&h=664&crop=1', {"user":"  'https://www.nova.fr/wp-content/uploads/sites/2/2020/12/RADIONOVALYON_CARD_OK.jpg?w=560&h=664&crop=1',","metadata":{"emulator":{"name":"functions"},"function":{"name":"scrapeImages"},"message":"\u001b[90m> \u001b[39m   'https://www.nova.fr/wp-content/uploads/sites/2/2020/12/RADIONOVALYON_CARD_OK.jpg?w=560&h=664&crop=1',"}}
[info] >    'https://www.nova.fr/wp-content/uploads/sites/2/2021/01/RADIONOVABORDEAUX_CARD_OK.jpg?w=560&h=664&crop=1', {"user":"  'https://www.nova.fr/wp-content/uploads/sites/2/2021/01/RADIONOVABORDEAUX_CARD_OK.jpg?w=560&h=664&crop=1',","metadata":{"emulator":{"name":"functions"},"function":{"name":"scrapeImages"},"message":"\u001b[90m> \u001b[39m   'https://www.nova.fr/wp-content/uploads/sites/2/2021/01/RADIONOVABORDEAUX_CARD_OK.jpg?w=560&h=664&crop=1',"}}
[info] >    'https://www.nova.fr/wp-content/uploads/sites/2/2020/09/Nova-Club.jpg?w=275&h=275&crop=1', {"user":"  'https://www.nova.fr/wp-content/uploads/sites/2/2020/09/Nova-Club.jpg?w=275&h=275&crop=1',","metadata":{"emulator":{"name":"functions"},"function":{"name":"scrapeImages"},"message":"\u001b[90m> \u001b[39m   'https://www.nova.fr/wp-content/uploads/sites/2/2020/09/Nova-Club.jpg?w=275&h=275&crop=1',"}}
[info] >    'https://www.nova.fr/wp-content/uploads/sites/2/2020/10/k88ngcon-ailleurs_dans_le_monde.png?w=275&h=275&crop=1', {"user":"  'https://www.nova.fr/wp-content/uploads/sites/2/2020/10/k88ngcon-ailleurs_dans_le_monde.png?w=275&h=275&crop=1',","metadata":{"emulator":{"name":"functions"},"function":{"name":"scrapeImages"},"message":"\u001b[90m> \u001b[39m   'https://www.nova.fr/wp-content/uploads/sites/2/2020/10/k88ngcon-ailleurs_dans_le_monde.png?w=275&h=275&crop=1',"}}
[info] >    'https://www.nova.fr/wp-content/uploads/sites/2/2020/10/Alpha-Beta-Nova.jpg?w=275&h=275&crop=1', {"user":"  'https://www.nova.fr/wp-content/uploads/sites/2/2020/10/Alpha-Beta-Nova.jpg?w=275&h=275&crop=1',","metadata":{"emulator":{"name":"functions"},"function":{"name":"scrapeImages"},"message":"\u001b[90m> \u001b[39m   'https://www.nova.fr/wp-content/uploads/sites/2/2020/10/Alpha-Beta-Nova.jpg?w=275&h=275&crop=1',"}}
[info] >    'https://www.nova.fr/wp-content/uploads/sites/2/2020/10/kff2hl68-chambre_noire_-_carre.jpg?w=275&h=275&crop=1', {"user":"  'https://www.nova.fr/wp-content/uploads/sites/2/2020/10/kff2hl68-chambre_noire_-_carre.jpg?w=275&h=275&crop=1',","metadata":{"emulator":{"name":"functions"},"function":{"name":"scrapeImages"},"message":"\u001b[90m> \u001b[39m   'https://www.nova.fr/wp-content/uploads/sites/2/2020/10/kff2hl68-chambre_noire_-_carre.jpg?w=275&h=275&crop=1',"}}
[info] >    'https://www.nova.fr/wp-content/uploads/sites/2/2020/10/kee7h6he-danceodrome_-_carre.jpg?w=275&h=275&crop=1', {"user":"  'https://www.nova.fr/wp-content/uploads/sites/2/2020/10/kee7h6he-danceodrome_-_carre.jpg?w=275&h=275&crop=1',","metadata":{"emulator":{"name":"functions"},"function":{"name":"scrapeImages"},"message":"\u001b[90m> \u001b[39m   'https://www.nova.fr/wp-content/uploads/sites/2/2020/10/kee7h6he-danceodrome_-_carre.jpg?w=275&h=275&crop=1',"}}
[info] >    'https://www.nova.fr/wp-content/uploads/sites/2/2020/10/ke2sl272-fracas_nova_x_louiemedia.jpg?w=275&h=275&crop=1', {"user":"  'https://www.nova.fr/wp-content/uploads/sites/2/2020/10/ke2sl272-fracas_nova_x_louiemedia.jpg?w=275&h=275&crop=1',","metadata":{"emulator":{"name":"functions"},"function":{"name":"scrapeImages"},"message":"\u001b[90m> \u001b[39m   'https://www.nova.fr/wp-content/uploads/sites/2/2020/10/ke2sl272-fracas_nova_x_louiemedia.jpg?w=275&h=275&crop=1',"}}
[info] >    'https://www.nova.fr/wp-content/uploads/sites/2/2020/10/kee7nv4k-get_a_room_sur_le_transmetteur_-_carre.jpg?w=275&h=275&crop=1', {"user":"  'https://www.nova.fr/wp-content/uploads/sites/2/2020/10/kee7nv4k-get_a_room_sur_le_transmetteur_-_carre.jpg?w=275&h=275&crop=1',","metadata":{"emulator":{"name":"functions"},"function":{"name":"scrapeImages"},"message":"\u001b[90m> \u001b[39m   'https://www.nova.fr/wp-content/uploads/sites/2/2020/10/kee7nv4k-get_a_room_sur_le_transmetteur_-_carre.jpg?w=275&h=275&crop=1',"}}
[info] >    'https://www.nova.fr/wp-content/uploads/sites/2/2020/10/kewx26jh-la_potion_-_carre.jpg?w=275&h=275&crop=1', {"user":"  'https://www.nova.fr/wp-content/uploads/sites/2/2020/10/kewx26jh-la_potion_-_carre.jpg?w=275&h=275&crop=1',","metadata":{"emulator":{"name":"functions"},"function":{"name":"scrapeImages"},"message":"\u001b[90m> \u001b[39m   'https://www.nova.fr/wp-content/uploads/sites/2/2020/10/kewx26jh-la_potion_-_carre.jpg?w=275&h=275&crop=1',"}}
[info] >    'https://www.nova.fr/wp-content/uploads/sites/2/2020/10/keea56ow-le_toast_-_carre.jpg?w=275&h=275&crop=1', {"user":"  'https://www.nova.fr/wp-content/uploads/sites/2/2020/10/keea56ow-le_toast_-_carre.jpg?w=275&h=275&crop=1',","metadata":{"emulator":{"name":"functions"},"function":{"name":"scrapeImages"},"message":"\u001b[90m> \u001b[39m   'https://www.nova.fr/wp-content/uploads/sites/2/2020/10/keea56ow-le_toast_-_carre.jpg?w=275&h=275&crop=1',"}}
[info] >    'https://www.nova.fr/wp-content/uploads/sites/2/2020/10/kgi38lo6-sims_sur_nova_carre_.jpg?w=275&h=275&crop=1', {"user":"  'https://www.nova.fr/wp-content/uploads/sites/2/2020/10/kgi38lo6-sims_sur_nova_carre_.jpg?w=275&h=275&crop=1',","metadata":{"emulator":{"name":"functions"},"function":{"name":"scrapeImages"},"message":"\u001b[90m> \u001b[39m   'https://www.nova.fr/wp-content/uploads/sites/2/2020/10/kgi38lo6-sims_sur_nova_carre_.jpg?w=275&h=275&crop=1',"}}
[info] >    'https://www.nova.fr/wp-content/uploads/sites/2/2020/10/Teuf-dappart.jpg?w=275&h=275&crop=1', {"user":"  'https://www.nova.fr/wp-content/uploads/sites/2/2020/10/Teuf-dappart.jpg?w=275&h=275&crop=1',","metadata":{"emulator":{"name":"functions"},"function":{"name":"scrapeImages"},"message":"\u001b[90m> \u001b[39m   'https://www.nova.fr/wp-content/uploads/sites/2/2020/10/Teuf-dappart.jpg?w=275&h=275&crop=1',"}}
[info] >    'https://www.nova.fr/wp-content/uploads/sites/2/2021/01/teuf-podcast.jpg?w=300&h=230&crop=1', {"user":"  'https://www.nova.fr/wp-content/uploads/sites/2/2021/01/teuf-podcast.jpg?w=300&h=230&crop=1',","metadata":{"emulator":{"name":"functions"},"function":{"name":"scrapeImages"},"message":"\u001b[90m> \u001b[39m   'https://www.nova.fr/wp-content/uploads/sites/2/2021/01/teuf-podcast.jpg?w=300&h=230&crop=1',"}}
[info] >    'https://www.nova.fr/wp-content/uploads/sites/2/2021/01/Capture-decran-2021-01-13-a-10.35.18.png?w=300&h=230&crop=1', {"user":"  'https://www.nova.fr/wp-content/uploads/sites/2/2021/01/Capture-decran-2021-01-13-a-10.35.18.png?w=300&h=230&crop=1',","metadata":{"emulator":{"name":"functions"},"function":{"name":"scrapeImages"},"message":"\u001b[90m> \u001b[39m   'https://www.nova.fr/wp-content/uploads/sites/2/2021/01/Capture-decran-2021-01-13-a-10.35.18.png?w=300&h=230&crop=1',"}}
[info] >    'https://www.nova.fr/wp-content/uploads/sites/2/2021/01/Jaz.png?w=300&h=230&crop=1', {"user":"  'https://www.nova.fr/wp-content/uploads/sites/2/2021/01/Jaz.png?w=300&h=230&crop=1',","metadata":{"emulator":{"name":"functions"},"function":{"name":"scrapeImages"},"message":"\u001b[90m> \u001b[39m   'https://www.nova.fr/wp-content/uploads/sites/2/2021/01/Jaz.png?w=300&h=230&crop=1',"}}
[info] >    'https://www.nova.fr/wp-content/uploads/sites/2/2021/01/cover-image-kjtu2eeu-podcast_nova_2020-2.png?w=300&h=230&crop=1', {"user":"  'https://www.nova.fr/wp-content/uploads/sites/2/2021/01/cover-image-kjtu2eeu-podcast_nova_2020-2.png?w=300&h=230&crop=1',","metadata":{"emulator":{"name":"functions"},"function":{"name":"scrapeImages"},"message":"\u001b[90m> \u001b[39m   'https://www.nova.fr/wp-content/uploads/sites/2/2021/01/cover-image-kjtu2eeu-podcast_nova_2020-2.png?w=300&h=230&crop=1',"}}
[info] >    'https://www.nova.fr/wp-content/uploads/sites/2/2020/10/inrock_festival.png?w=126', {"user":"  'https://www.nova.fr/wp-content/uploads/sites/2/2020/10/inrock_festival.png?w=126',","metadata":{"emulator":{"name":"functions"},"function":{"name":"scrapeImages"},"message":"\u001b[90m> \u001b[39m   'https://www.nova.fr/wp-content/uploads/sites/2/2020/10/inrock_festival.png?w=126',"}}
[info] >    'https://www.nova.fr/wp-content/uploads/sites/2/2020/10/logo-rock-en-seine-1.png?w=108', {"user":"  'https://www.nova.fr/wp-content/uploads/sites/2/2020/10/logo-rock-en-seine-1.png?w=108',","metadata":{"emulator":{"name":"functions"},"function":{"name":"scrapeImages"},"message":"\u001b[90m> \u001b[39m   'https://www.nova.fr/wp-content/uploads/sites/2/2020/10/logo-rock-en-seine-1.png?w=108',"}}
[info] >    'https://www.nova.fr/wp-content/uploads/sites/2/2020/10/logo-rough-trade.png?w=100', {"user":"  'https://www.nova.fr/wp-content/uploads/sites/2/2020/10/logo-rough-trade.png?w=100',","metadata":{"emulator":{"name":"functions"},"function":{"name":"scrapeImages"},"message":"\u001b[90m> \u001b[39m   'https://www.nova.fr/wp-content/uploads/sites/2/2020/10/logo-rough-trade.png?w=100',"}}
[info] >    'https://www.nova.fr/wp-content/uploads/sites/2/2021/01/test_shop.png?w=309', {"user":"  'https://www.nova.fr/wp-content/uploads/sites/2/2021/01/test_shop.png?w=309',","metadata":{"emulator":{"name":"functions"},"function":{"name":"scrapeImages"},"message":"\u001b[90m> \u001b[39m   'https://www.nova.fr/wp-content/uploads/sites/2/2021/01/test_shop.png?w=309',"}}
[info] >    'https://creatives.sascdn.com/diff/3518/9927295/970x200_chambre_noire_7112ae2b-61f6-4aaf-bce3-cf0e62b25c79.gif', {"user":"  'https://creatives.sascdn.com/diff/3518/9927295/970x200_chambre_noire_7112ae2b-61f6-4aaf-bce3-cf0e62b25c79.gif',","metadata":{"emulator":{"name":"functions"},"function":{"name":"scrapeImages"},"message":"\u001b[90m> \u001b[39m   'https://creatives.sascdn.com/diff/3518/9927295/970x200_chambre_noire_7112ae2b-61f6-4aaf-bce3-cf0e62b25c79.gif',"}}
[info] >    'https://www.nova.fr/wp-content/uploads/sites/2/2020/10/webservices_ab67616d0000b27329975ac87ddb2cc8b225f383.jpeg?w=400&h=400&crop=1', {"user":"  'https://www.nova.fr/wp-content/uploads/sites/2/2020/10/webservices_ab67616d0000b27329975ac87ddb2cc8b225f383.jpeg?w=400&h=400&crop=1',","metadata":{"emulator":{"name":"functions"},"function":{"name":"scrapeImages"},"message":"\u001b[90m> \u001b[39m   'https://www.nova.fr/wp-content/uploads/sites/2/2020/10/webservices_ab67616d0000b27329975ac87ddb2cc8b225f383.jpeg?w=400&h=400&crop=1',"}}
[info] >    'https://www.nova.fr/wp-content/uploads/sites/2/2020/10/webservices_ab67616d0000b273914123a7b8bf47814ae1b7f0.jpeg?w=400&h=400&crop=1', {"user":"  'https://www.nova.fr/wp-content/uploads/sites/2/2020/10/webservices_ab67616d0000b273914123a7b8bf47814ae1b7f0.jpeg?w=400&h=400&crop=1',","metadata":{"emulator":{"name":"functions"},"function":{"name":"scrapeImages"},"message":"\u001b[90m> \u001b[39m   'https://www.nova.fr/wp-content/uploads/sites/2/2020/10/webservices_ab67616d0000b273914123a7b8bf47814ae1b7f0.jpeg?w=400&h=400&crop=1',"}}
[info] >    'https://www.nova.fr/wp-content/uploads/sites/2/2020/10/webservices_ab67616d0000b27385c5e6c686ced3e43bae2748.jpeg?w=400&h=400&crop=1', {"user":"  'https://www.nova.fr/wp-content/uploads/sites/2/2020/10/webservices_ab67616d0000b27385c5e6c686ced3e43bae2748.jpeg?w=400&h=400&crop=1',","metadata":{"emulator":{"name":"functions"},"function":{"name":"scrapeImages"},"message":"\u001b[90m> \u001b[39m   'https://www.nova.fr/wp-content/uploads/sites/2/2020/10/webservices_ab67616d0000b27385c5e6c686ced3e43bae2748.jpeg?w=400&h=400&crop=1',"}}
[info] >    'https://www.nova.fr/wp-content/themes/lnei-wp-theme-child-nova/dist/images/nova-default.png', {"user":"  'https://www.nova.fr/wp-content/themes/lnei-wp-theme-child-nova/dist/images/nova-default.png',","metadata":{"emulator":{"name":"functions"},"function":{"name":"scrapeImages"},"message":"\u001b[90m> \u001b[39m   'https://www.nova.fr/wp-content/themes/lnei-wp-theme-child-nova/dist/images/nova-default.png',"}}
[info] >    'https://www.nova.fr/wp-content/uploads/sites/2/2020/10/webservices_ab67616d0000b27376438cc21de1d139cd68d528-2.jpeg?w=400&h=400&crop=1', {"user":"  'https://www.nova.fr/wp-content/uploads/sites/2/2020/10/webservices_ab67616d0000b27376438cc21de1d139cd68d528-2.jpeg?w=400&h=400&crop=1',","metadata":{"emulator":{"name":"functions"},"function":{"name":"scrapeImages"},"message":"\u001b[90m> \u001b[39m   'https://www.nova.fr/wp-content/uploads/sites/2/2020/10/webservices_ab67616d0000b27376438cc21de1d139cd68d528-2.jpeg?w=400&h=400&crop=1',"}}
[info] >    'https://www.nova.fr/wp-content/uploads/sites/2/2020/10/webservices_ab67616d0000b273b67fedd833084fee864dbaa6.jpeg?w=400&h=400&crop=1', {"user":"  'https://www.nova.fr/wp-content/uploads/sites/2/2020/10/webservices_ab67616d0000b273b67fedd833084fee864dbaa6.jpeg?w=400&h=400&crop=1',","metadata":{"emulator":{"name":"functions"},"function":{"name":"scrapeImages"},"message":"\u001b[90m> \u001b[39m   'https://www.nova.fr/wp-content/uploads/sites/2/2020/10/webservices_ab67616d0000b273b67fedd833084fee864dbaa6.jpeg?w=400&h=400&crop=1',"}}
[info] >    'https://www.nova.fr/wp-content/themes/lnei-wp-theme-child-nova/dist/images/nova-default.png', {"user":"  'https://www.nova.fr/wp-content/themes/lnei-wp-theme-child-nova/dist/images/nova-default.png',","metadata":{"emulator":{"name":"functions"},"function":{"name":"scrapeImages"},"message":"\u001b[90m> \u001b[39m   'https://www.nova.fr/wp-content/themes/lnei-wp-theme-child-nova/dist/images/nova-default.png',"}}
[info] >    'https://www.nova.fr/wp-content/uploads/sites/2/2020/10/webservices_ab67616d0000b273ba69f7dfa452e1e84588b333-1.jpeg?w=400&h=400&crop=1', {"user":"  'https://www.nova.fr/wp-content/uploads/sites/2/2020/10/webservices_ab67616d0000b273ba69f7dfa452e1e84588b333-1.jpeg?w=400&h=400&crop=1',","metadata":{"emulator":{"name":"functions"},"function":{"name":"scrapeImages"},"message":"\u001b[90m> \u001b[39m   'https://www.nova.fr/wp-content/uploads/sites/2/2020/10/webservices_ab67616d0000b273ba69f7dfa452e1e84588b333-1.jpeg?w=400&h=400&crop=1',"}}
[info] >    'https://www.nova.fr/wp-content/uploads/sites/2/2020/10/webservices_ab67616d0000b273ac81846d1d7d02bf77ad8d16.jpeg?w=400&h=400&crop=1', {"user":"  'https://www.nova.fr/wp-content/uploads/sites/2/2020/10/webservices_ab67616d0000b273ac81846d1d7d02bf77ad8d16.jpeg?w=400&h=400&crop=1',","metadata":{"emulator":{"name":"functions"},"function":{"name":"scrapeImages"},"message":"\u001b[90m> \u001b[39m   'https://www.nova.fr/wp-content/uploads/sites/2/2020/10/webservices_ab67616d0000b273ac81846d1d7d02bf77ad8d16.jpeg?w=400&h=400&crop=1',"}}
[info] >    'https://www.nova.fr/wp-content/uploads/sites/2/2020/10/webservices_ab67616d0000b273f189f402d4930b70ee6bed6a.jpeg?w=400&h=400&crop=1', {"user":"  'https://www.nova.fr/wp-content/uploads/sites/2/2020/10/webservices_ab67616d0000b273f189f402d4930b70ee6bed6a.jpeg?w=400&h=400&crop=1',","metadata":{"emulator":{"name":"functions"},"function":{"name":"scrapeImages"},"message":"\u001b[90m> \u001b[39m   'https://www.nova.fr/wp-content/uploads/sites/2/2020/10/webservices_ab67616d0000b273f189f402d4930b70ee6bed6a.jpeg?w=400&h=400&crop=1',"}}
[info] >    'https://www.nova.fr/wp-content/uploads/sites/2/2020/11/logo.png?w=300', {"user":"  'https://www.nova.fr/wp-content/uploads/sites/2/2020/11/logo.png?w=300',","metadata":{"emulator":{"name":"functions"},"function":{"name":"scrapeImages"},"message":"\u001b[90m> \u001b[39m   'https://www.nova.fr/wp-content/uploads/sites/2/2020/11/logo.png?w=300',"}}
[info] >    'https://www.nova.fr/wp-content/themes/lnei-wp-theme-child-nova/dist/images/logo-large.svg', {"user":"  'https://www.nova.fr/wp-content/themes/lnei-wp-theme-child-nova/dist/images/logo-large.svg',","metadata":{"emulator":{"name":"functions"},"function":{"name":"scrapeImages"},"message":"\u001b[90m> \u001b[39m   'https://www.nova.fr/wp-content/themes/lnei-wp-theme-child-nova/dist/images/logo-large.svg',"}}
[info] >    'https://www.nova.fr/wp-content/uploads/sites/2/2021/01/RADIONOVA_CARD_01.jpg?w=450&h=558&crop=1', {"user":"  'https://www.nova.fr/wp-content/uploads/sites/2/2021/01/RADIONOVA_CARD_01.jpg?w=450&h=558&crop=1',","metadata":{"emulator":{"name":"functions"},"function":{"name":"scrapeImages"},"message":"\u001b[90m> \u001b[39m   'https://www.nova.fr/wp-content/uploads/sites/2/2021/01/RADIONOVA_CARD_01.jpg?w=450&h=558&crop=1',"}}
[info] >    'https://www.nova.fr/wp-content/themes/lnei-wp-theme-child-nova/dist/images/play.svg', {"user":"  'https://www.nova.fr/wp-content/themes/lnei-wp-theme-child-nova/dist/images/play.svg',","metadata":{"emulator":{"name":"functions"},"function":{"name":"scrapeImages"},"message":"\u001b[90m> \u001b[39m   'https://www.nova.fr/wp-content/themes/lnei-wp-theme-child-nova/dist/images/play.svg',"}}
[info] >    'https://www.nova.fr/wp-content/themes/lnei-wp-theme-child-nova/dist/images/pause.svg', {"user":"  'https://www.nova.fr/wp-content/themes/lnei-wp-theme-child-nova/dist/images/pause.svg',","metadata":{"emulator":{"name":"functions"},"function":{"name":"scrapeImages"},"message":"\u001b[90m> \u001b[39m   'https://www.nova.fr/wp-content/themes/lnei-wp-theme-child-nova/dist/images/pause.svg',"}}
[info] >    'https://www.nova.fr/wp-content/themes/lnei-wp-theme-child-nova/dist/images/library.svg', {"user":"  'https://www.nova.fr/wp-content/themes/lnei-wp-theme-child-nova/dist/images/library.svg',","metadata":{"emulator":{"name":"functions"},"function":{"name":"scrapeImages"},"message":"\u001b[90m> \u001b[39m   'https://www.nova.fr/wp-content/themes/lnei-wp-theme-child-nova/dist/images/library.svg',"}}
[info] >    'https://pixel.wp.com/g.gif?v=ext&j=1%3A9.4&blog=185804748&post=627&tz=1&srv=www.nova.fr&host=www.nova.fr&ref=&fcp=240&rand=0.8632215691720988' {"user":"  'https://pixel.wp.com/g.gif?v=ext&j=1%3A9.4&blog=185804748&post=627&tz=1&srv=www.nova.fr&host=www.nova.fr&ref=&fcp=240&rand=0.8632215691720988'","metadata":{"emulator":{"name":"functions"},"function":{"name":"scrapeImages"},"message":"\u001b[90m> \u001b[39m   'https://pixel.wp.com/g.gif?v=ext&j=1%3A9.4&blog=185804748&post=627&tz=1&srv=www.nova.fr&host=www.nova.fr&ref=&fcp=240&rand=0.8632215691720988'"}}
[info] >  ] {"user":"]","metadata":{"emulator":{"name":"functions"},"function":{"name":"scrapeImages"},"message":"\u001b[90m> \u001b[39m ]"}}
[debug] [2021-02-08T14:37:39.479Z] [runtime-status] [62506] Ephemeral server survived. {"metadata":{"emulator":{"name":"functions"},"function":{"name":"scrapeImages"},"message":"[runtime-status] [62506] Ephemeral server survived."}}
[debug] [2021-02-08T14:37:39.902Z] [work-queue] {"queueLength":1,"workRunningCount":1}
[debug] [2021-02-08T14:37:39.902Z] [work-queue] {"queueLength":0,"workRunningCount":2}
[debug] [2021-02-08T14:37:39.902Z] Accepted request POST /listy-bcc65/us-central1/scrapeImages --> scrapeImages
[debug] [2021-02-08T14:37:39.906Z] [worker-pool] addWorker(scrapeImages) {"metadata":{"emulator":{"name":"functions"},"message":"[worker-pool] addWorker(scrapeImages)"}}
[debug] [2021-02-08T14:37:39.906Z] [worker-pool] Adding worker with key scrapeImages, total=2 {"metadata":{"emulator":{"name":"functions"},"message":"[worker-pool] Adding worker with key scrapeImages, total=2"}}
[debug] [2021-02-08T14:37:39.906Z] [worker-pool] submitWork(triggerId=scrapeImages) {"metadata":{"emulator":{"name":"functions"},"message":"[worker-pool] submitWork(triggerId=scrapeImages)"}}
[debug] [2021-02-08T14:37:39.906Z] [worker-scrapeImages-97670180-d503-4530-8d2d-45a733fcafa1]: Assigning socketPath: /var/folders/mw/vjjbb0b51gbg2gxv0t83nh700000gn/T/fire_emu_62513.sock {"metadata":{"emulator":{"name":"functions"},"message":"[worker-scrapeImages-97670180-d503-4530-8d2d-45a733fcafa1]: Assigning socketPath: /var/folders/mw/vjjbb0b51gbg2gxv0t83nh700000gn/T/fire_emu_62513.sock"}}
[debug] [2021-02-08T14:37:39.906Z] [worker-scrapeImages-97670180-d503-4530-8d2d-45a733fcafa1]: BUSY {"metadata":{"emulator":{"name":"functions"},"message":"[worker-scrapeImages-97670180-d503-4530-8d2d-45a733fcafa1]: BUSY"}}
[debug] [2021-02-08T14:37:40.038Z] [runtime-status] [62513] Functions runtime initialized. {"cwd":"/Users/vincent/Documents/listy/functions","node_version":"12.0.0"} {"metadata":{"emulator":{"name":"functions"},"function":{"name":"scrapeImages"},"message":"[runtime-status] [62513] Functions runtime initialized. {\"cwd\":\"/Users/vincent/Documents/listy/functions\",\"node_version\":\"12.0.0\"}"}}
[debug] [2021-02-08T14:37:40.039Z] [runtime-status] [62513] Disabled runtime features: undefined {"metadata":{"emulator":{"name":"functions"},"function":{"name":"scrapeImages"},"message":"[runtime-status] [62513] Disabled runtime features: undefined"}}
[debug] [2021-02-08T14:37:40.041Z] [runtime-status] [62513] Resolved module firebase-admin {"declared":true,"installed":true,"version":"9.4.2","resolution":"/Users/vincent/Documents/listy/functions/node_modules/firebase-admin/lib/index.js"} {"metadata":{"emulator":{"name":"functions"},"function":{"name":"scrapeImages"},"message":"[runtime-status] [62513] Resolved module firebase-admin {\"declared\":true,\"installed\":true,\"version\":\"9.4.2\",\"resolution\":\"/Users/vincent/Documents/listy/functions/node_modules/firebase-admin/lib/index.js\"}"}}
[debug] [2021-02-08T14:37:40.042Z] [runtime-status] [62513] Resolved module firebase-functions {"declared":true,"installed":true,"version":"3.13.1","resolution":"/Users/vincent/Documents/listy/functions/node_modules/firebase-functions/lib/index.js"} {"metadata":{"emulator":{"name":"functions"},"function":{"name":"scrapeImages"},"message":"[runtime-status] [62513] Resolved module firebase-functions {\"declared\":true,\"installed\":true,\"version\":\"3.13.1\",\"resolution\":\"/Users/vincent/Documents/listy/functions/node_modules/firebase-functions/lib/index.js\"}"}}
[debug] [2021-02-08T14:37:40.043Z] [runtime-status] [62513] Resolved module firebase-functions {"declared":true,"installed":true,"version":"3.13.1","resolution":"/Users/vincent/Documents/listy/functions/node_modules/firebase-functions/lib/index.js"} {"metadata":{"emulator":{"name":"functions"},"function":{"name":"scrapeImages"},"message":"[runtime-status] [62513] Resolved module firebase-functions {\"declared\":true,\"installed\":true,\"version\":\"3.13.1\",\"resolution\":\"/Users/vincent/Documents/listy/functions/node_modules/firebase-functions/lib/index.js\"}"}}
[debug] [2021-02-08T14:37:40.045Z] [runtime-status] [62513] Outgoing network have been stubbed. [{"name":"http","status":"mocked"},{"name":"http","status":"mocked"},{"name":"https","status":"mocked"},{"name":"https","status":"mocked"},{"name":"net","status":"mocked"}] {"metadata":{"emulator":{"name":"functions"},"function":{"name":"scrapeImages"},"message":"[runtime-status] [62513] Outgoing network have been stubbed. [{\"name\":\"http\",\"status\":\"mocked\"},{\"name\":\"http\",\"status\":\"mocked\"},{\"name\":\"https\",\"status\":\"mocked\"},{\"name\":\"https\",\"status\":\"mocked\"},{\"name\":\"net\",\"status\":\"mocked\"}]"}}
[debug] [2021-02-08T14:37:40.045Z] [runtime-status] [62513] Resolved module firebase-functions {"declared":true,"installed":true,"version":"3.13.1","resolution":"/Users/vincent/Documents/listy/functions/node_modules/firebase-functions/lib/index.js"} {"metadata":{"emulator":{"name":"functions"},"function":{"name":"scrapeImages"},"message":"[runtime-status] [62513] Resolved module firebase-functions {\"declared\":true,\"installed\":true,\"version\":\"3.13.1\",\"resolution\":\"/Users/vincent/Documents/listy/functions/node_modules/firebase-functions/lib/index.js\"}"}}
[debug] [2021-02-08T14:37:40.073Z] [runtime-status] [62513] Checked functions.config() {"config":{}} {"metadata":{"emulator":{"name":"functions"},"function":{"name":"scrapeImages"},"message":"[runtime-status] [62513] Checked functions.config() {\"config\":{}}"}}
[debug] [2021-02-08T14:37:40.073Z] [runtime-status] [62513] firebase-functions has been stubbed. {"functionsResolution":{"declared":true,"installed":true,"version":"3.13.1","resolution":"/Users/vincent/Documents/listy/functions/node_modules/firebase-functions/lib/index.js"}} {"metadata":{"emulator":{"name":"functions"},"function":{"name":"scrapeImages"},"message":"[runtime-status] [62513] firebase-functions has been stubbed. {\"functionsResolution\":{\"declared\":true,\"installed\":true,\"version\":\"3.13.1\",\"resolution\":\"/Users/vincent/Documents/listy/functions/node_modules/firebase-functions/lib/index.js\"}}"}}
[debug] [2021-02-08T14:37:40.074Z] [runtime-status] [62513] Resolved module firebase-functions {"declared":true,"installed":true,"version":"3.13.1","resolution":"/Users/vincent/Documents/listy/functions/node_modules/firebase-functions/lib/index.js"} {"metadata":{"emulator":{"name":"functions"},"function":{"name":"scrapeImages"},"message":"[runtime-status] [62513] Resolved module firebase-functions {\"declared\":true,\"installed\":true,\"version\":\"3.13.1\",\"resolution\":\"/Users/vincent/Documents/listy/functions/node_modules/firebase-functions/lib/index.js\"}"}}
[debug] [2021-02-08T14:37:40.075Z] [runtime-status] [62513] Resolved module firebase-admin {"declared":true,"installed":true,"version":"9.4.2","resolution":"/Users/vincent/Documents/listy/functions/node_modules/firebase-admin/lib/index.js"} {"metadata":{"emulator":{"name":"functions"},"function":{"name":"scrapeImages"},"message":"[runtime-status] [62513] Resolved module firebase-admin {\"declared\":true,\"installed\":true,\"version\":\"9.4.2\",\"resolution\":\"/Users/vincent/Documents/listy/functions/node_modules/firebase-admin/lib/index.js\"}"}}
[debug] [2021-02-08T14:37:40.075Z] [runtime-status] [62513] Resolved module firebase-functions {"declared":true,"installed":true,"version":"3.13.1","resolution":"/Users/vincent/Documents/listy/functions/node_modules/firebase-functions/lib/index.js"} {"metadata":{"emulator":{"name":"functions"},"function":{"name":"scrapeImages"},"message":"[runtime-status] [62513] Resolved module firebase-functions {\"declared\":true,\"installed\":true,\"version\":\"3.13.1\",\"resolution\":\"/Users/vincent/Documents/listy/functions/node_modules/firebase-functions/lib/index.js\"}"}}
[debug] [2021-02-08T14:37:40.075Z] [runtime-status] [62513] firebase-admin has been stubbed. {"adminResolution":{"declared":true,"installed":true,"version":"9.4.2","resolution":"/Users/vincent/Documents/listy/functions/node_modules/firebase-admin/lib/index.js"}} {"metadata":{"emulator":{"name":"functions"},"function":{"name":"scrapeImages"},"message":"[runtime-status] [62513] firebase-admin has been stubbed. {\"adminResolution\":{\"declared\":true,\"installed\":true,\"version\":\"9.4.2\",\"resolution\":\"/Users/vincent/Documents/listy/functions/node_modules/firebase-admin/lib/index.js\"}}"}}
[debug] [2021-02-08T14:37:40.128Z] [runtime-status] [62513] Trigger "scrapeImages" has been found, beginning invocation! {"metadata":{"emulator":{"name":"functions"},"function":{"name":"scrapeImages"},"message":"[runtime-status] [62513] Trigger \"scrapeImages\" has been found, beginning invocation!"}}
[info] i  functions: Beginning execution of "scrapeImages" {"metadata":{"emulator":{"name":"functions"},"function":{"name":"scrapeImages"},"message":"Beginning execution of \"scrapeImages\""}}
[debug] [2021-02-08T14:37:40.128Z] [runtime-status] [62513] triggerDefinition {"timeout":"500s","httpsTrigger":{},"name":"scrapeImages","entryPoint":"scrapeImages"} {"metadata":{"emulator":{"name":"functions"},"function":{"name":"scrapeImages"},"message":"[runtime-status] [62513] triggerDefinition {\"timeout\":\"500s\",\"httpsTrigger\":{},\"name\":\"scrapeImages\",\"entryPoint\":\"scrapeImages\"}"}}
[debug] [2021-02-08T14:37:40.128Z] [runtime-status] [62513] Running scrapeImages in mode HTTPS {"metadata":{"emulator":{"name":"functions"},"function":{"name":"scrapeImages"},"message":"[runtime-status] [62513] Running scrapeImages in mode HTTPS"}}
[debug] [2021-02-08T14:37:40.131Z] [runtime-status] [62513] Attempting to listen to socketPath: /var/folders/mw/vjjbb0b51gbg2gxv0t83nh700000gn/T/fire_emu_62513.sock {"metadata":{"emulator":{"name":"functions"},"function":{"name":"scrapeImages"},"message":"[runtime-status] [62513] Attempting to listen to socketPath: /var/folders/mw/vjjbb0b51gbg2gxv0t83nh700000gn/T/fire_emu_62513.sock"}}
[debug] [2021-02-08T14:37:40.134Z] [functions] Runtime ready! Sending request! {"metadata":{"emulator":{"name":"functions"},"message":"[functions] Runtime ready! Sending request!"}}
[debug] [2021-02-08T14:37:40.135Z] [functions] Got req.url=/listy-bcc65/us-central1/scrapeImages, mapping to path=/ {"metadata":{"emulator":{"name":"functions"},"message":"[functions] Got req.url=/listy-bcc65/us-central1/scrapeImages, mapping to path=/"}}
[debug] [2021-02-08T14:37:40.140Z] [runtime-status] [62513] Ephemeral server handling POST request {"metadata":{"emulator":{"name":"functions"},"function":{"name":"scrapeImages"},"message":"[runtime-status] [62513] Ephemeral server handling POST request"}}
[debug] [2021-02-08T14:37:42.255Z] File /Users/vincent/Documents/listy/functions/1.png changed, reloading triggers {"metadata":{"emulator":{"name":"functions"},"message":"File /Users/vincent/Documents/listy/functions/1.png changed, reloading triggers"}}
[info] >  [ {"user":"[","metadata":{"emulator":{"name":"functions"},"function":{"name":"scrapeImages"},"message":"\u001b[90m> \u001b[39m ["}}
[info] >    'https://www.nova.fr/wp-content/uploads/sites/2/2020/11/logo-nova.png', {"user":"  'https://www.nova.fr/wp-content/uploads/sites/2/2020/11/logo-nova.png',","metadata":{"emulator":{"name":"functions"},"function":{"name":"scrapeImages"},"message":"\u001b[90m> \u001b[39m   'https://www.nova.fr/wp-content/uploads/sites/2/2020/11/logo-nova.png',"}}
[info] >    'https://www.nova.fr/wp-content/themes/lnei-wp-theme-child-nova/dist/images/nova.svg', {"user":"  'https://www.nova.fr/wp-content/themes/lnei-wp-theme-child-nova/dist/images/nova.svg',","metadata":{"emulator":{"name":"functions"},"function":{"name":"scrapeImages"},"message":"\u001b[90m> \u001b[39m   'https://www.nova.fr/wp-content/themes/lnei-wp-theme-child-nova/dist/images/nova.svg',"}}
[info] >    'https://www.nova.fr/wp-content/themes/lnei-wp-theme-child-nova/dist/images/Cheek.svg', {"user":"  'https://www.nova.fr/wp-content/themes/lnei-wp-theme-child-nova/dist/images/Cheek.svg',","metadata":{"emulator":{"name":"functions"},"function":{"name":"scrapeImages"},"message":"\u001b[90m> \u001b[39m   'https://www.nova.fr/wp-content/themes/lnei-wp-theme-child-nova/dist/images/Cheek.svg',"}}
[info] >    'https://www.nova.fr/wp-content/themes/lnei-wp-theme-child-nova/dist/images/Sauvage.svg', {"user":"  'https://www.nova.fr/wp-content/themes/lnei-wp-theme-child-nova/dist/images/Sauvage.svg',","metadata":{"emulator":{"name":"functions"},"function":{"name":"scrapeImages"},"message":"\u001b[90m> \u001b[39m   'https://www.nova.fr/wp-content/themes/lnei-wp-theme-child-nova/dist/images/Sauvage.svg',"}}
[info] >    'https://www.nova.fr/wp-content/themes/lnei-wp-theme-child-nova/dist/images/app-store.png', {"user":"  'https://www.nova.fr/wp-content/themes/lnei-wp-theme-child-nova/dist/images/app-store.png',","metadata":{"emulator":{"name":"functions"},"function":{"name":"scrapeImages"},"message":"\u001b[90m> \u001b[39m   'https://www.nova.fr/wp-content/themes/lnei-wp-theme-child-nova/dist/images/app-store.png',"}}
[info] >    'https://www.nova.fr/wp-content/themes/lnei-wp-theme-child-nova/dist/images/google-play.png', {"user":"  'https://www.nova.fr/wp-content/themes/lnei-wp-theme-child-nova/dist/images/google-play.png',","metadata":{"emulator":{"name":"functions"},"function":{"name":"scrapeImages"},"message":"\u001b[90m> \u001b[39m   'https://www.nova.fr/wp-content/themes/lnei-wp-theme-child-nova/dist/images/google-play.png',"}}
[info] >    'https://www.nova.fr/wp-content/themes/lnei-wp-theme-child-nova/dist/images/logo-menu.svg', {"user":"  'https://www.nova.fr/wp-content/themes/lnei-wp-theme-child-nova/dist/images/logo-menu.svg',","metadata":{"emulator":{"name":"functions"},"function":{"name":"scrapeImages"},"message":"\u001b[90m> \u001b[39m   'https://www.nova.fr/wp-content/themes/lnei-wp-theme-child-nova/dist/images/logo-menu.svg',"}}
[info] >    'https://www.nova.fr/wp-content/uploads/sites/2/2021/01/RADIONOVA_CARD_01.jpg?w=560&h=664&crop=1', {"user":"  'https://www.nova.fr/wp-content/uploads/sites/2/2021/01/RADIONOVA_CARD_01.jpg?w=560&h=664&crop=1',","metadata":{"emulator":{"name":"functions"},"function":{"name":"scrapeImages"},"message":"\u001b[90m> \u001b[39m   'https://www.nova.fr/wp-content/uploads/sites/2/2021/01/RADIONOVA_CARD_01.jpg?w=560&h=664&crop=1',"}}
[info] >    'https://www.nova.fr/wp-content/uploads/sites/2/2020/12/RADIONOUVONOVA_CARD_OK.jpg?w=560&h=664&crop=1', {"user":"  'https://www.nova.fr/wp-content/uploads/sites/2/2020/12/RADIONOUVONOVA_CARD_OK.jpg?w=560&h=664&crop=1',","metadata":{"emulator":{"name":"functions"},"function":{"name":"scrapeImages"},"message":"\u001b[90m> \u001b[39m   'https://www.nova.fr/wp-content/uploads/sites/2/2020/12/RADIONOUVONOVA_CARD_OK.jpg?w=560&h=664&crop=1',"}}
[info] >    'https://www.nova.fr/wp-content/uploads/sites/2/2020/12/RADIONOVADANSE_CARD_OK.jpg?w=560&h=664&crop=1', {"user":"  'https://www.nova.fr/wp-content/uploads/sites/2/2020/12/RADIONOVADANSE_CARD_OK.jpg?w=560&h=664&crop=1',","metadata":{"emulator":{"name":"functions"},"function":{"name":"scrapeImages"},"message":"\u001b[90m> \u001b[39m   'https://www.nova.fr/wp-content/uploads/sites/2/2020/12/RADIONOVADANSE_CARD_OK.jpg?w=560&h=664&crop=1',"}}
[info] >    'https://www.nova.fr/wp-content/uploads/sites/2/2020/12/RADIONOVACLASSICS_CARD_OK.jpg?w=560&h=664&crop=1', {"user":"  'https://www.nova.fr/wp-content/uploads/sites/2/2020/12/RADIONOVACLASSICS_CARD_OK.jpg?w=560&h=664&crop=1',","metadata":{"emulator":{"name":"functions"},"function":{"name":"scrapeImages"},"message":"\u001b[90m> \u001b[39m   'https://www.nova.fr/wp-content/uploads/sites/2/2020/12/RADIONOVACLASSICS_CARD_OK.jpg?w=560&h=664&crop=1',"}}
[info] >    'https://www.nova.fr/wp-content/uploads/sites/2/2021/01/RADIONOVALANUIT_CARD_OK.jpg?w=560&h=664&crop=1', {"user":"  'https://www.nova.fr/wp-content/uploads/sites/2/2021/01/RADIONOVALANUIT_CARD_OK.jpg?w=560&h=664&crop=1',","metadata":{"emulator":{"name":"functions"},"function":{"name":"scrapeImages"},"message":"\u001b[90m> \u001b[39m   'https://www.nova.fr/wp-content/uploads/sites/2/2021/01/RADIONOVALANUIT_CARD_OK.jpg?w=560&h=664&crop=1',"}}
[info] >    'https://www.nova.fr/wp-content/uploads/sites/2/2020/12/RADIONOVALYON_CARD_OK.jpg?w=560&h=664&crop=1', {"user":"  'https://www.nova.fr/wp-content/uploads/sites/2/2020/12/RADIONOVALYON_CARD_OK.jpg?w=560&h=664&crop=1',","metadata":{"emulator":{"name":"functions"},"function":{"name":"scrapeImages"},"message":"\u001b[90m> \u001b[39m   'https://www.nova.fr/wp-content/uploads/sites/2/2020/12/RADIONOVALYON_CARD_OK.jpg?w=560&h=664&crop=1',"}}
[info] >    'https://www.nova.fr/wp-content/uploads/sites/2/2021/01/RADIONOVABORDEAUX_CARD_OK.jpg?w=560&h=664&crop=1', {"user":"  'https://www.nova.fr/wp-content/uploads/sites/2/2021/01/RADIONOVABORDEAUX_CARD_OK.jpg?w=560&h=664&crop=1',","metadata":{"emulator":{"name":"functions"},"function":{"name":"scrapeImages"},"message":"\u001b[90m> \u001b[39m   'https://www.nova.fr/wp-content/uploads/sites/2/2021/01/RADIONOVABORDEAUX_CARD_OK.jpg?w=560&h=664&crop=1',"}}
[info] >    'https://www.nova.fr/wp-content/uploads/sites/2/2020/09/Nova-Club.jpg?w=275&h=275&crop=1', {"user":"  'https://www.nova.fr/wp-content/uploads/sites/2/2020/09/Nova-Club.jpg?w=275&h=275&crop=1',","metadata":{"emulator":{"name":"functions"},"function":{"name":"scrapeImages"},"message":"\u001b[90m> \u001b[39m   'https://www.nova.fr/wp-content/uploads/sites/2/2020/09/Nova-Club.jpg?w=275&h=275&crop=1',"}}
[info] >    'https://www.nova.fr/wp-content/uploads/sites/2/2020/10/k88ngcon-ailleurs_dans_le_monde.png?w=275&h=275&crop=1', {"user":"  'https://www.nova.fr/wp-content/uploads/sites/2/2020/10/k88ngcon-ailleurs_dans_le_monde.png?w=275&h=275&crop=1',","metadata":{"emulator":{"name":"functions"},"function":{"name":"scrapeImages"},"message":"\u001b[90m> \u001b[39m   'https://www.nova.fr/wp-content/uploads/sites/2/2020/10/k88ngcon-ailleurs_dans_le_monde.png?w=275&h=275&crop=1',"}}
[info] >    'https://www.nova.fr/wp-content/uploads/sites/2/2020/10/Alpha-Beta-Nova.jpg?w=275&h=275&crop=1', {"user":"  'https://www.nova.fr/wp-content/uploads/sites/2/2020/10/Alpha-Beta-Nova.jpg?w=275&h=275&crop=1',","metadata":{"emulator":{"name":"functions"},"function":{"name":"scrapeImages"},"message":"\u001b[90m> \u001b[39m   'https://www.nova.fr/wp-content/uploads/sites/2/2020/10/Alpha-Beta-Nova.jpg?w=275&h=275&crop=1',"}}
[info] >    'https://www.nova.fr/wp-content/uploads/sites/2/2020/10/kff2hl68-chambre_noire_-_carre.jpg?w=275&h=275&crop=1', {"user":"  'https://www.nova.fr/wp-content/uploads/sites/2/2020/10/kff2hl68-chambre_noire_-_carre.jpg?w=275&h=275&crop=1',","metadata":{"emulator":{"name":"functions"},"function":{"name":"scrapeImages"},"message":"\u001b[90m> \u001b[39m   'https://www.nova.fr/wp-content/uploads/sites/2/2020/10/kff2hl68-chambre_noire_-_carre.jpg?w=275&h=275&crop=1',"}}
[info] >    'https://www.nova.fr/wp-content/uploads/sites/2/2020/10/kee7h6he-danceodrome_-_carre.jpg?w=275&h=275&crop=1', {"user":"  'https://www.nova.fr/wp-content/uploads/sites/2/2020/10/kee7h6he-danceodrome_-_carre.jpg?w=275&h=275&crop=1',","metadata":{"emulator":{"name":"functions"},"function":{"name":"scrapeImages"},"message":"\u001b[90m> \u001b[39m   'https://www.nova.fr/wp-content/uploads/sites/2/2020/10/kee7h6he-danceodrome_-_carre.jpg?w=275&h=275&crop=1',"}}
[info] >    'https://www.nova.fr/wp-content/uploads/sites/2/2020/10/ke2sl272-fracas_nova_x_louiemedia.jpg?w=275&h=275&crop=1', {"user":"  'https://www.nova.fr/wp-content/uploads/sites/2/2020/10/ke2sl272-fracas_nova_x_louiemedia.jpg?w=275&h=275&crop=1',","metadata":{"emulator":{"name":"functions"},"function":{"name":"scrapeImages"},"message":"\u001b[90m> \u001b[39m   'https://www.nova.fr/wp-content/uploads/sites/2/2020/10/ke2sl272-fracas_nova_x_louiemedia.jpg?w=275&h=275&crop=1',"}}
[info] >    'https://www.nova.fr/wp-content/uploads/sites/2/2020/10/kee7nv4k-get_a_room_sur_le_transmetteur_-_carre.jpg?w=275&h=275&crop=1', {"user":"  'https://www.nova.fr/wp-content/uploads/sites/2/2020/10/kee7nv4k-get_a_room_sur_le_transmetteur_-_carre.jpg?w=275&h=275&crop=1',","metadata":{"emulator":{"name":"functions"},"function":{"name":"scrapeImages"},"message":"\u001b[90m> \u001b[39m   'https://www.nova.fr/wp-content/uploads/sites/2/2020/10/kee7nv4k-get_a_room_sur_le_transmetteur_-_carre.jpg?w=275&h=275&crop=1',"}}
[info] >    'https://www.nova.fr/wp-content/uploads/sites/2/2020/10/kewx26jh-la_potion_-_carre.jpg?w=275&h=275&crop=1', {"user":"  'https://www.nova.fr/wp-content/uploads/sites/2/2020/10/kewx26jh-la_potion_-_carre.jpg?w=275&h=275&crop=1',","metadata":{"emulator":{"name":"functions"},"function":{"name":"scrapeImages"},"message":"\u001b[90m> \u001b[39m   'https://www.nova.fr/wp-content/uploads/sites/2/2020/10/kewx26jh-la_potion_-_carre.jpg?w=275&h=275&crop=1',"}}
[info] >    'https://www.nova.fr/wp-content/uploads/sites/2/2020/10/keea56ow-le_toast_-_carre.jpg?w=275&h=275&crop=1', {"user":"  'https://www.nova.fr/wp-content/uploads/sites/2/2020/10/keea56ow-le_toast_-_carre.jpg?w=275&h=275&crop=1',","metadata":{"emulator":{"name":"functions"},"function":{"name":"scrapeImages"},"message":"\u001b[90m> \u001b[39m   'https://www.nova.fr/wp-content/uploads/sites/2/2020/10/keea56ow-le_toast_-_carre.jpg?w=275&h=275&crop=1',"}}
[info] >    'https://www.nova.fr/wp-content/uploads/sites/2/2020/10/kgi38lo6-sims_sur_nova_carre_.jpg?w=275&h=275&crop=1', {"user":"  'https://www.nova.fr/wp-content/uploads/sites/2/2020/10/kgi38lo6-sims_sur_nova_carre_.jpg?w=275&h=275&crop=1',","metadata":{"emulator":{"name":"functions"},"function":{"name":"scrapeImages"},"message":"\u001b[90m> \u001b[39m   'https://www.nova.fr/wp-content/uploads/sites/2/2020/10/kgi38lo6-sims_sur_nova_carre_.jpg?w=275&h=275&crop=1',"}}
[info] >    'https://www.nova.fr/wp-content/uploads/sites/2/2020/10/Teuf-dappart.jpg?w=275&h=275&crop=1', {"user":"  'https://www.nova.fr/wp-content/uploads/sites/2/2020/10/Teuf-dappart.jpg?w=275&h=275&crop=1',","metadata":{"emulator":{"name":"functions"},"function":{"name":"scrapeImages"},"message":"\u001b[90m> \u001b[39m   'https://www.nova.fr/wp-content/uploads/sites/2/2020/10/Teuf-dappart.jpg?w=275&h=275&crop=1',"}}
[info] >    'https://www.nova.fr/wp-content/uploads/sites/2/2021/01/teuf-podcast.jpg?w=300&h=230&crop=1', {"user":"  'https://www.nova.fr/wp-content/uploads/sites/2/2021/01/teuf-podcast.jpg?w=300&h=230&crop=1',","metadata":{"emulator":{"name":"functions"},"function":{"name":"scrapeImages"},"message":"\u001b[90m> \u001b[39m   'https://www.nova.fr/wp-content/uploads/sites/2/2021/01/teuf-podcast.jpg?w=300&h=230&crop=1',"}}
[info] >    'https://www.nova.fr/wp-content/uploads/sites/2/2021/01/Capture-decran-2021-01-13-a-10.35.18.png?w=300&h=230&crop=1', {"user":"  'https://www.nova.fr/wp-content/uploads/sites/2/2021/01/Capture-decran-2021-01-13-a-10.35.18.png?w=300&h=230&crop=1',","metadata":{"emulator":{"name":"functions"},"function":{"name":"scrapeImages"},"message":"\u001b[90m> \u001b[39m   'https://www.nova.fr/wp-content/uploads/sites/2/2021/01/Capture-decran-2021-01-13-a-10.35.18.png?w=300&h=230&crop=1',"}}
[info] >    'https://www.nova.fr/wp-content/uploads/sites/2/2021/01/Jaz.png?w=300&h=230&crop=1', {"user":"  'https://www.nova.fr/wp-content/uploads/sites/2/2021/01/Jaz.png?w=300&h=230&crop=1',","metadata":{"emulator":{"name":"functions"},"function":{"name":"scrapeImages"},"message":"\u001b[90m> \u001b[39m   'https://www.nova.fr/wp-content/uploads/sites/2/2021/01/Jaz.png?w=300&h=230&crop=1',"}}
[info] >    'https://www.nova.fr/wp-content/uploads/sites/2/2021/01/cover-image-kjtu2eeu-podcast_nova_2020-2.png?w=300&h=230&crop=1', {"user":"  'https://www.nova.fr/wp-content/uploads/sites/2/2021/01/cover-image-kjtu2eeu-podcast_nova_2020-2.png?w=300&h=230&crop=1',","metadata":{"emulator":{"name":"functions"},"function":{"name":"scrapeImages"},"message":"\u001b[90m> \u001b[39m   'https://www.nova.fr/wp-content/uploads/sites/2/2021/01/cover-image-kjtu2eeu-podcast_nova_2020-2.png?w=300&h=230&crop=1',"}}
[info] >    'https://www.nova.fr/wp-content/uploads/sites/2/2020/10/inrock_festival.png?w=126', {"user":"  'https://www.nova.fr/wp-content/uploads/sites/2/2020/10/inrock_festival.png?w=126',","metadata":{"emulator":{"name":"functions"},"function":{"name":"scrapeImages"},"message":"\u001b[90m> \u001b[39m   'https://www.nova.fr/wp-content/uploads/sites/2/2020/10/inrock_festival.png?w=126',"}}
[info] >    'https://www.nova.fr/wp-content/uploads/sites/2/2020/10/logo-rock-en-seine-1.png?w=108', {"user":"  'https://www.nova.fr/wp-content/uploads/sites/2/2020/10/logo-rock-en-seine-1.png?w=108',","metadata":{"emulator":{"name":"functions"},"function":{"name":"scrapeImages"},"message":"\u001b[90m> \u001b[39m   'https://www.nova.fr/wp-content/uploads/sites/2/2020/10/logo-rock-en-seine-1.png?w=108',"}}
[info] >    'https://www.nova.fr/wp-content/uploads/sites/2/2020/10/logo-rough-trade.png?w=100', {"user":"  'https://www.nova.fr/wp-content/uploads/sites/2/2020/10/logo-rough-trade.png?w=100',","metadata":{"emulator":{"name":"functions"},"function":{"name":"scrapeImages"},"message":"\u001b[90m> \u001b[39m   'https://www.nova.fr/wp-content/uploads/sites/2/2020/10/logo-rough-trade.png?w=100',"}}
[info] >    'https://www.nova.fr/wp-content/uploads/sites/2/2021/01/test_shop.png?w=309', {"user":"  'https://www.nova.fr/wp-content/uploads/sites/2/2021/01/test_shop.png?w=309',","metadata":{"emulator":{"name":"functions"},"function":{"name":"scrapeImages"},"message":"\u001b[90m> \u001b[39m   'https://www.nova.fr/wp-content/uploads/sites/2/2021/01/test_shop.png?w=309',"}}
[info] >    'https://creatives.sascdn.com/diff/3518/9927230/1400x400_492f683d-59cf-446f-819e-c4a3244089ef.jpg', {"user":"  'https://creatives.sascdn.com/diff/3518/9927230/1400x400_492f683d-59cf-446f-819e-c4a3244089ef.jpg',","metadata":{"emulator":{"name":"functions"},"function":{"name":"scrapeImages"},"message":"\u001b[90m> \u001b[39m   'https://creatives.sascdn.com/diff/3518/9927230/1400x400_492f683d-59cf-446f-819e-c4a3244089ef.jpg',"}}
[info] >    'https://www.nova.fr/wp-content/uploads/sites/2/2020/10/webservices_ab67616d0000b27329975ac87ddb2cc8b225f383.jpeg?w=400&h=400&crop=1', {"user":"  'https://www.nova.fr/wp-content/uploads/sites/2/2020/10/webservices_ab67616d0000b27329975ac87ddb2cc8b225f383.jpeg?w=400&h=400&crop=1',","metadata":{"emulator":{"name":"functions"},"function":{"name":"scrapeImages"},"message":"\u001b[90m> \u001b[39m   'https://www.nova.fr/wp-content/uploads/sites/2/2020/10/webservices_ab67616d0000b27329975ac87ddb2cc8b225f383.jpeg?w=400&h=400&crop=1',"}}
[info] >    'https://www.nova.fr/wp-content/uploads/sites/2/2020/10/webservices_ab67616d0000b273914123a7b8bf47814ae1b7f0.jpeg?w=400&h=400&crop=1', {"user":"  'https://www.nova.fr/wp-content/uploads/sites/2/2020/10/webservices_ab67616d0000b273914123a7b8bf47814ae1b7f0.jpeg?w=400&h=400&crop=1',","metadata":{"emulator":{"name":"functions"},"function":{"name":"scrapeImages"},"message":"\u001b[90m> \u001b[39m   'https://www.nova.fr/wp-content/uploads/sites/2/2020/10/webservices_ab67616d0000b273914123a7b8bf47814ae1b7f0.jpeg?w=400&h=400&crop=1',"}}
[info] >    'https://www.nova.fr/wp-content/uploads/sites/2/2020/10/webservices_ab67616d0000b27385c5e6c686ced3e43bae2748.jpeg?w=400&h=400&crop=1', {"user":"  'https://www.nova.fr/wp-content/uploads/sites/2/2020/10/webservices_ab67616d0000b27385c5e6c686ced3e43bae2748.jpeg?w=400&h=400&crop=1',","metadata":{"emulator":{"name":"functions"},"function":{"name":"scrapeImages"},"message":"\u001b[90m> \u001b[39m   'https://www.nova.fr/wp-content/uploads/sites/2/2020/10/webservices_ab67616d0000b27385c5e6c686ced3e43bae2748.jpeg?w=400&h=400&crop=1',"}}
[info] >    'https://www.nova.fr/wp-content/themes/lnei-wp-theme-child-nova/dist/images/nova-default.png', {"user":"  'https://www.nova.fr/wp-content/themes/lnei-wp-theme-child-nova/dist/images/nova-default.png',","metadata":{"emulator":{"name":"functions"},"function":{"name":"scrapeImages"},"message":"\u001b[90m> \u001b[39m   'https://www.nova.fr/wp-content/themes/lnei-wp-theme-child-nova/dist/images/nova-default.png',"}}
[info] >    'https://www.nova.fr/wp-content/uploads/sites/2/2020/10/webservices_ab67616d0000b27376438cc21de1d139cd68d528-2.jpeg?w=400&h=400&crop=1', {"user":"  'https://www.nova.fr/wp-content/uploads/sites/2/2020/10/webservices_ab67616d0000b27376438cc21de1d139cd68d528-2.jpeg?w=400&h=400&crop=1',","metadata":{"emulator":{"name":"functions"},"function":{"name":"scrapeImages"},"message":"\u001b[90m> \u001b[39m   'https://www.nova.fr/wp-content/uploads/sites/2/2020/10/webservices_ab67616d0000b27376438cc21de1d139cd68d528-2.jpeg?w=400&h=400&crop=1',"}}
[info] >    'https://www.nova.fr/wp-content/uploads/sites/2/2020/10/webservices_ab67616d0000b273b67fedd833084fee864dbaa6.jpeg?w=400&h=400&crop=1', {"user":"  'https://www.nova.fr/wp-content/uploads/sites/2/2020/10/webservices_ab67616d0000b273b67fedd833084fee864dbaa6.jpeg?w=400&h=400&crop=1',","metadata":{"emulator":{"name":"functions"},"function":{"name":"scrapeImages"},"message":"\u001b[90m> \u001b[39m   'https://www.nova.fr/wp-content/uploads/sites/2/2020/10/webservices_ab67616d0000b273b67fedd833084fee864dbaa6.jpeg?w=400&h=400&crop=1',"}}
[info] >    'https://www.nova.fr/wp-content/themes/lnei-wp-theme-child-nova/dist/images/nova-default.png', {"user":"  'https://www.nova.fr/wp-content/themes/lnei-wp-theme-child-nova/dist/images/nova-default.png',","metadata":{"emulator":{"name":"functions"},"function":{"name":"scrapeImages"},"message":"\u001b[90m> \u001b[39m   'https://www.nova.fr/wp-content/themes/lnei-wp-theme-child-nova/dist/images/nova-default.png',"}}
[info] >    'https://www.nova.fr/wp-content/uploads/sites/2/2020/10/webservices_ab67616d0000b273ba69f7dfa452e1e84588b333-1.jpeg?w=400&h=400&crop=1', {"user":"  'https://www.nova.fr/wp-content/uploads/sites/2/2020/10/webservices_ab67616d0000b273ba69f7dfa452e1e84588b333-1.jpeg?w=400&h=400&crop=1',","metadata":{"emulator":{"name":"functions"},"function":{"name":"scrapeImages"},"message":"\u001b[90m> \u001b[39m   'https://www.nova.fr/wp-content/uploads/sites/2/2020/10/webservices_ab67616d0000b273ba69f7dfa452e1e84588b333-1.jpeg?w=400&h=400&crop=1',"}}
[info] >    'https://www.nova.fr/wp-content/uploads/sites/2/2020/10/webservices_ab67616d0000b273ac81846d1d7d02bf77ad8d16.jpeg?w=400&h=400&crop=1', {"user":"  'https://www.nova.fr/wp-content/uploads/sites/2/2020/10/webservices_ab67616d0000b273ac81846d1d7d02bf77ad8d16.jpeg?w=400&h=400&crop=1',","metadata":{"emulator":{"name":"functions"},"function":{"name":"scrapeImages"},"message":"\u001b[90m> \u001b[39m   'https://www.nova.fr/wp-content/uploads/sites/2/2020/10/webservices_ab67616d0000b273ac81846d1d7d02bf77ad8d16.jpeg?w=400&h=400&crop=1',"}}
[info] >    'https://www.nova.fr/wp-content/uploads/sites/2/2020/10/webservices_ab67616d0000b273f189f402d4930b70ee6bed6a.jpeg?w=400&h=400&crop=1', {"user":"  'https://www.nova.fr/wp-content/uploads/sites/2/2020/10/webservices_ab67616d0000b273f189f402d4930b70ee6bed6a.jpeg?w=400&h=400&crop=1',","metadata":{"emulator":{"name":"functions"},"function":{"name":"scrapeImages"},"message":"\u001b[90m> \u001b[39m   'https://www.nova.fr/wp-content/uploads/sites/2/2020/10/webservices_ab67616d0000b273f189f402d4930b70ee6bed6a.jpeg?w=400&h=400&crop=1',"}}
[info] >    'https://www.nova.fr/wp-content/uploads/sites/2/2020/11/logo.png?w=300', {"user":"  'https://www.nova.fr/wp-content/uploads/sites/2/2020/11/logo.png?w=300',","metadata":{"emulator":{"name":"functions"},"function":{"name":"scrapeImages"},"message":"\u001b[90m> \u001b[39m   'https://www.nova.fr/wp-content/uploads/sites/2/2020/11/logo.png?w=300',"}}
[info] >    'https://www.nova.fr/wp-content/themes/lnei-wp-theme-child-nova/dist/images/logo-large.svg', {"user":"  'https://www.nova.fr/wp-content/themes/lnei-wp-theme-child-nova/dist/images/logo-large.svg',","metadata":{"emulator":{"name":"functions"},"function":{"name":"scrapeImages"},"message":"\u001b[90m> \u001b[39m   'https://www.nova.fr/wp-content/themes/lnei-wp-theme-child-nova/dist/images/logo-large.svg',"}}
[info] >    'https://www.nova.fr/wp-content/uploads/sites/2/2021/01/RADIONOVA_CARD_01.jpg?w=450&h=558&crop=1', {"user":"  'https://www.nova.fr/wp-content/uploads/sites/2/2021/01/RADIONOVA_CARD_01.jpg?w=450&h=558&crop=1',","metadata":{"emulator":{"name":"functions"},"function":{"name":"scrapeImages"},"message":"\u001b[90m> \u001b[39m   'https://www.nova.fr/wp-content/uploads/sites/2/2021/01/RADIONOVA_CARD_01.jpg?w=450&h=558&crop=1',"}}
[info] >    'https://www.nova.fr/wp-content/themes/lnei-wp-theme-child-nova/dist/images/play.svg', {"user":"  'https://www.nova.fr/wp-content/themes/lnei-wp-theme-child-nova/dist/images/play.svg',","metadata":{"emulator":{"name":"functions"},"function":{"name":"scrapeImages"},"message":"\u001b[90m> \u001b[39m   'https://www.nova.fr/wp-content/themes/lnei-wp-theme-child-nova/dist/images/play.svg',"}}
[info] >    'https://www.nova.fr/wp-content/themes/lnei-wp-theme-child-nova/dist/images/pause.svg', {"user":"  'https://www.nova.fr/wp-content/themes/lnei-wp-theme-child-nova/dist/images/pause.svg',","metadata":{"emulator":{"name":"functions"},"function":{"name":"scrapeImages"},"message":"\u001b[90m> \u001b[39m   'https://www.nova.fr/wp-content/themes/lnei-wp-theme-child-nova/dist/images/pause.svg',"}}
[info] >    'https://www.nova.fr/wp-content/themes/lnei-wp-theme-child-nova/dist/images/library.svg', {"user":"  'https://www.nova.fr/wp-content/themes/lnei-wp-theme-child-nova/dist/images/library.svg',","metadata":{"emulator":{"name":"functions"},"function":{"name":"scrapeImages"},"message":"\u001b[90m> \u001b[39m   'https://www.nova.fr/wp-content/themes/lnei-wp-theme-child-nova/dist/images/library.svg',"}}
[info] >    'https://pixel.wp.com/g.gif?v=ext&j=1%3A9.4&blog=185804748&post=627&tz=1&srv=www.nova.fr&host=www.nova.fr&ref=&fcp=207&rand=0.40450896038821726' {"user":"  'https://pixel.wp.com/g.gif?v=ext&j=1%3A9.4&blog=185804748&post=627&tz=1&srv=www.nova.fr&host=www.nova.fr&ref=&fcp=207&rand=0.40450896038821726'","metadata":{"emulator":{"name":"functions"},"function":{"name":"scrapeImages"},"message":"\u001b[90m> \u001b[39m   'https://pixel.wp.com/g.gif?v=ext&j=1%3A9.4&blog=185804748&post=627&tz=1&srv=www.nova.fr&host=www.nova.fr&ref=&fcp=207&rand=0.40450896038821726'"}}
[info] >  ] {"user":"]","metadata":{"emulator":{"name":"functions"},"function":{"name":"scrapeImages"},"message":"\u001b[90m> \u001b[39m ]"}}
[debug] [2021-02-08T14:37:42.306Z] [runtime-status] [62513] Ephemeral server survived. {"metadata":{"emulator":{"name":"functions"},"function":{"name":"scrapeImages"},"message":"[runtime-status] [62513] Ephemeral server survived."}}
[debug] [2021-02-08T14:37:43.258Z] [worker-pool] Shutting down IDLE worker (~diagnostic~) {"metadata":{"emulator":{"name":"functions"},"message":"[worker-pool] Shutting down IDLE worker (~diagnostic~)"}}
[debug] [2021-02-08T14:37:43.259Z] [worker-~diagnostic~-4d05393a-293f-4ba5-aeda-62d7ae34f874]: FINISHING {"metadata":{"emulator":{"name":"functions"},"message":"[worker-~diagnostic~-4d05393a-293f-4ba5-aeda-62d7ae34f874]: FINISHING"}}
[debug] [2021-02-08T14:37:43.260Z] [worker-pool] Marking BUSY worker to finish (scrapeImages) {"metadata":{"emulator":{"name":"functions"},"message":"[worker-pool] Marking BUSY worker to finish (scrapeImages)"}}
[debug] [2021-02-08T14:37:43.260Z] [worker-scrapeImages-ea96bef8-47a4-49fe-bb61-47ba8143474f]: FINISHING {"metadata":{"emulator":{"name":"functions"},"message":"[worker-scrapeImages-ea96bef8-47a4-49fe-bb61-47ba8143474f]: FINISHING"}}
[debug] [2021-02-08T14:37:43.260Z] [worker-pool] Marking BUSY worker to finish (scrapeImages) {"metadata":{"emulator":{"name":"functions"},"message":"[worker-pool] Marking BUSY worker to finish (scrapeImages)"}}
[debug] [2021-02-08T14:37:43.261Z] [worker-scrapeImages-97670180-d503-4530-8d2d-45a733fcafa1]: FINISHING {"metadata":{"emulator":{"name":"functions"},"message":"[worker-scrapeImages-97670180-d503-4530-8d2d-45a733fcafa1]: FINISHING"}}
[debug] [2021-02-08T14:37:43.269Z] [worker-pool] addWorker(~diagnostic~) {"metadata":{"emulator":{"name":"functions"},"message":"[worker-pool] addWorker(~diagnostic~)"}}
[debug] [2021-02-08T14:37:43.269Z] [worker-pool] Adding worker with key ~diagnostic~, total=2 {"metadata":{"emulator":{"name":"functions"},"message":"[worker-pool] Adding worker with key ~diagnostic~, total=2"}}
[debug] [2021-02-08T14:37:43.269Z] [worker-pool] submitWork(triggerId=) {"metadata":{"emulator":{"name":"functions"},"message":"[worker-pool] submitWork(triggerId=)"}}
[debug] [2021-02-08T14:37:43.270Z] [worker-~diagnostic~-4702290d-977d-4300-86ad-e17100d2dece]: Assigning socketPath: /var/folders/mw/vjjbb0b51gbg2gxv0t83nh700000gn/T/fire_emu_62521.sock {"metadata":{"emulator":{"name":"functions"},"message":"[worker-~diagnostic~-4702290d-977d-4300-86ad-e17100d2dece]: Assigning socketPath: /var/folders/mw/vjjbb0b51gbg2gxv0t83nh700000gn/T/fire_emu_62521.sock"}}
[debug] [2021-02-08T14:37:43.270Z] [worker-~diagnostic~-4702290d-977d-4300-86ad-e17100d2dece]: BUSY {"metadata":{"emulator":{"name":"functions"},"message":"[worker-~diagnostic~-4702290d-977d-4300-86ad-e17100d2dece]: BUSY"}}
[debug] [2021-02-08T14:37:43.272Z] [worker-~diagnostic~-4d05393a-293f-4ba5-aeda-62d7ae34f874]: exited {"metadata":{"emulator":{"name":"functions"},"message":"[worker-~diagnostic~-4d05393a-293f-4ba5-aeda-62d7ae34f874]: exited"}}
[debug] [2021-02-08T14:37:43.272Z] [worker-~diagnostic~-4d05393a-293f-4ba5-aeda-62d7ae34f874]: FINISHED {"metadata":{"emulator":{"name":"functions"},"message":"[worker-~diagnostic~-4d05393a-293f-4ba5-aeda-62d7ae34f874]: FINISHED"}}
[debug] [2021-02-08T14:37:43.401Z] [runtime-status] [62521] Functions runtime initialized. {"cwd":"/Users/vincent/Documents/listy/functions","node_version":"12.0.0"} {"metadata":{"emulator":{"name":"functions"},"message":"[runtime-status] [62521] Functions runtime initialized. {\"cwd\":\"/Users/vincent/Documents/listy/functions\",\"node_version\":\"12.0.0\"}"}}
[debug] [2021-02-08T14:37:43.402Z] [runtime-status] [62521] Disabled runtime features: undefined {"metadata":{"emulator":{"name":"functions"},"message":"[runtime-status] [62521] Disabled runtime features: undefined"}}
[debug] [2021-02-08T14:37:43.403Z] [runtime-status] [62521] Resolved module firebase-admin {"declared":true,"installed":true,"version":"9.4.2","resolution":"/Users/vincent/Documents/listy/functions/node_modules/firebase-admin/lib/index.js"} {"metadata":{"emulator":{"name":"functions"},"message":"[runtime-status] [62521] Resolved module firebase-admin {\"declared\":true,\"installed\":true,\"version\":\"9.4.2\",\"resolution\":\"/Users/vincent/Documents/listy/functions/node_modules/firebase-admin/lib/index.js\"}"}}
[debug] [2021-02-08T14:37:43.404Z] [runtime-status] [62521] Resolved module firebase-functions {"declared":true,"installed":true,"version":"3.13.1","resolution":"/Users/vincent/Documents/listy/functions/node_modules/firebase-functions/lib/index.js"} {"metadata":{"emulator":{"name":"functions"},"message":"[runtime-status] [62521] Resolved module firebase-functions {\"declared\":true,\"installed\":true,\"version\":\"3.13.1\",\"resolution\":\"/Users/vincent/Documents/listy/functions/node_modules/firebase-functions/lib/index.js\"}"}}
[debug] [2021-02-08T14:37:43.405Z] [runtime-status] [62521] Resolved module firebase-functions {"declared":true,"installed":true,"version":"3.13.1","resolution":"/Users/vincent/Documents/listy/functions/node_modules/firebase-functions/lib/index.js"} {"metadata":{"emulator":{"name":"functions"},"message":"[runtime-status] [62521] Resolved module firebase-functions {\"declared\":true,\"installed\":true,\"version\":\"3.13.1\",\"resolution\":\"/Users/vincent/Documents/listy/functions/node_modules/firebase-functions/lib/index.js\"}"}}
[debug] [2021-02-08T14:37:43.406Z] [runtime-status] [62521] Outgoing network have been stubbed. [{"name":"http","status":"mocked"},{"name":"http","status":"mocked"},{"name":"https","status":"mocked"},{"name":"https","status":"mocked"},{"name":"net","status":"mocked"}] {"metadata":{"emulator":{"name":"functions"},"message":"[runtime-status] [62521] Outgoing network have been stubbed. [{\"name\":\"http\",\"status\":\"mocked\"},{\"name\":\"http\",\"status\":\"mocked\"},{\"name\":\"https\",\"status\":\"mocked\"},{\"name\":\"https\",\"status\":\"mocked\"},{\"name\":\"net\",\"status\":\"mocked\"}]"}}
[debug] [2021-02-08T14:37:43.406Z] [runtime-status] [62521] Resolved module firebase-functions {"declared":true,"installed":true,"version":"3.13.1","resolution":"/Users/vincent/Documents/listy/functions/node_modules/firebase-functions/lib/index.js"} {"metadata":{"emulator":{"name":"functions"},"message":"[runtime-status] [62521] Resolved module firebase-functions {\"declared\":true,\"installed\":true,\"version\":\"3.13.1\",\"resolution\":\"/Users/vincent/Documents/listy/functions/node_modules/firebase-functions/lib/index.js\"}"}}
[debug] [2021-02-08T14:37:43.432Z] [runtime-status] [62521] Checked functions.config() {"config":{}} {"metadata":{"emulator":{"name":"functions"},"message":"[runtime-status] [62521] Checked functions.config() {\"config\":{}}"}}
[debug] [2021-02-08T14:37:43.432Z] [runtime-status] [62521] firebase-functions has been stubbed. {"functionsResolution":{"declared":true,"installed":true,"version":"3.13.1","resolution":"/Users/vincent/Documents/listy/functions/node_modules/firebase-functions/lib/index.js"}} {"metadata":{"emulator":{"name":"functions"},"message":"[runtime-status] [62521] firebase-functions has been stubbed. {\"functionsResolution\":{\"declared\":true,\"installed\":true,\"version\":\"3.13.1\",\"resolution\":\"/Users/vincent/Documents/listy/functions/node_modules/firebase-functions/lib/index.js\"}}"}}
[debug] [2021-02-08T14:37:43.433Z] [runtime-status] [62521] Resolved module firebase-functions {"declared":true,"installed":true,"version":"3.13.1","resolution":"/Users/vincent/Documents/listy/functions/node_modules/firebase-functions/lib/index.js"} {"metadata":{"emulator":{"name":"functions"},"message":"[runtime-status] [62521] Resolved module firebase-functions {\"declared\":true,\"installed\":true,\"version\":\"3.13.1\",\"resolution\":\"/Users/vincent/Documents/listy/functions/node_modules/firebase-functions/lib/index.js\"}"}}
[debug] [2021-02-08T14:37:43.434Z] [runtime-status] [62521] Resolved module firebase-admin {"declared":true,"installed":true,"version":"9.4.2","resolution":"/Users/vincent/Documents/listy/functions/node_modules/firebase-admin/lib/index.js"} {"metadata":{"emulator":{"name":"functions"},"message":"[runtime-status] [62521] Resolved module firebase-admin {\"declared\":true,\"installed\":true,\"version\":\"9.4.2\",\"resolution\":\"/Users/vincent/Documents/listy/functions/node_modules/firebase-admin/lib/index.js\"}"}}
[debug] [2021-02-08T14:37:43.434Z] [runtime-status] [62521] Resolved module firebase-functions {"declared":true,"installed":true,"version":"3.13.1","resolution":"/Users/vincent/Documents/listy/functions/node_modules/firebase-functions/lib/index.js"} {"metadata":{"emulator":{"name":"functions"},"message":"[runtime-status] [62521] Resolved module firebase-functions {\"declared\":true,\"installed\":true,\"version\":\"3.13.1\",\"resolution\":\"/Users/vincent/Documents/listy/functions/node_modules/firebase-functions/lib/index.js\"}"}}
[debug] [2021-02-08T14:37:43.434Z] [runtime-status] [62521] firebase-admin has been stubbed. {"adminResolution":{"declared":true,"installed":true,"version":"9.4.2","resolution":"/Users/vincent/Documents/listy/functions/node_modules/firebase-admin/lib/index.js"}} {"metadata":{"emulator":{"name":"functions"},"message":"[runtime-status] [62521] firebase-admin has been stubbed. {\"adminResolution\":{\"declared\":true,\"installed\":true,\"version\":\"9.4.2\",\"resolution\":\"/Users/vincent/Documents/listy/functions/node_modules/firebase-admin/lib/index.js\"}}"}}
[debug] [2021-02-08T14:37:43.482Z] [worker-~diagnostic~-4702290d-977d-4300-86ad-e17100d2dece]: IDLE {"metadata":{"emulator":{"name":"functions"},"message":"[worker-~diagnostic~-4702290d-977d-4300-86ad-e17100d2dece]: IDLE"}}
